<?xml version="1.0" encoding="UTF-8"?>
<testsuite name="parkinglottddproblem.ParkingLotTest" tests="1" skipped="0" failures="1" errors="0" timestamp="2020-07-21T01:56:15" hostname="KAJAL-LAPTOP" time="0.003">
  <properties/>
  <testcase name="givenVehicle_WhenParked_ShouldReturnTrue" classname="parkinglottddproblem.ParkingLotTest" time="0.003">
    <failure message="java.lang.StackOverflowError" type="java.lang.StackOverflowError">java.lang.StackOverflowError
	at com.parkinglottddproblem.services.ParkingLotSystem.&lt;init&gt;(ParkingLotSystem.java:11)
	at com.parkinglottddproblem.services.ParkingAttendant.&lt;init&gt;(ParkingAttendant.java:9)
	at com.parkinglottddproblem.services.ParkingLotSystem.&lt;init&gt;(ParkingLotSystem.java:11)
	at com.parkinglottddproblem.services.ParkingAttendant.&lt;init&gt;(ParkingAttendant.java:9)
	at com.parkinglottddproblem.services.ParkingLotSystem.&lt;init&gt;(ParkingLotSystem.java:11)
	at com.parkinglottddproblem.services.ParkingAttendant.&lt;init&gt;(ParkingAttendant.java:9)
	at com.parkinglottddproblem.services.ParkingLotSystem.&lt;init&gt;(ParkingLotSystem.java:11)
	at com.parkinglottddproblem.services.ParkingAttendant.&lt;init&gt;(ParkingAttendant.java:9)
	at com.parkinglottddproblem.services.ParkingLotSystem.&lt;init&gt;(ParkingLotSystem.java:11)
	at com.parkinglottddproblem.services.ParkingAttendant.&lt;init&gt;(ParkingAttendant.java:9)
	at com.parkinglottddproblem.services.ParkingLotSystem.&lt;init&gt;(ParkingLotSystem.java:11)
	at com.parkinglottddproblem.services.ParkingAttendant.&lt;init&gt;(ParkingAttendant.java:9)
	at com.parkinglottddproblem.services.ParkingLotSystem.&lt;init&gt;(ParkingLotSystem.java:11)
	at com.parkinglottddproblem.services.ParkingAttendant.&lt;init&gt;(ParkingAttendant.java:9)
	at com.parkinglottddproblem.services.ParkingLotSystem.&lt;init&gt;(ParkingLotSystem.java:11)
	at com.parkinglottddproblem.services.ParkingAttendant.&lt;init&gt;(ParkingAttendant.java:9)
	at com.parkinglottddproblem.services.ParkingLotSystem.&lt;init&gt;(ParkingLotSystem.java:11)
	at com.parkinglottddproblem.services.ParkingAttendant.&lt;init&gt;(ParkingAttendant.java:9)
	at com.parkinglottddproblem.services.ParkingLotSystem.&lt;init&gt;(ParkingLotSystem.java:11)
	at com.parkinglottddproblem.services.ParkingAttendant.&lt;init&gt;(ParkingAttendant.java:9)
	at com.parkinglottddproblem.services.ParkingLotSystem.&lt;init&gt;(ParkingLotSystem.java:11)
	at com.parkinglottddproblem.services.ParkingAttendant.&lt;init&gt;(ParkingAttendant.java:9)
	at com.parkinglottddproblem.services.ParkingLotSystem.&lt;init&gt;(ParkingLotSystem.java:11)
	at com.parkinglottddproblem.services.ParkingAttendant.&lt;init&gt;(ParkingAttendant.java:9)
	at com.parkinglottddproblem.services.ParkingLotSystem.&lt;init&gt;(ParkingLotSystem.java:11)
	at com.parkinglottddproblem.services.ParkingAttendant.&lt;init&gt;(ParkingAttendant.java:9)
	at com.parkinglottddproblem.services.ParkingLotSystem.&lt;init&gt;(ParkingLotSystem.java:11)
	at com.parkinglottddproblem.services.ParkingAttendant.&lt;init&gt;(ParkingAttendant.java:9)
	at com.parkinglottddproblem.services.ParkingLotSystem.&lt;init&gt;(ParkingLotSystem.java:11)
	at com.parkinglottddproblem.services.ParkingAttendant.&lt;init&gt;(ParkingAttendant.java:9)
	at com.parkinglottddproblem.services.ParkingLotSystem.&lt;init&gt;(ParkingLotSystem.java:11)
	at com.parkinglottddproblem.services.ParkingAttendant.&lt;init&gt;(ParkingAttendant.java:9)
	at com.parkinglottddproblem.services.ParkingLotSystem.&lt;init&gt;(ParkingLotSystem.java:11)
	at com.parkinglottddproblem.services.ParkingAttendant.&lt;init&gt;(ParkingAttendant.java:9)
	at com.parkinglottddproblem.services.ParkingLotSystem.&lt;init&gt;(ParkingLotSystem.java:11)
	at com.parkinglottddproblem.services.ParkingAttendant.&lt;init&gt;(ParkingAttendant.java:9)
	at com.parkinglottddproblem.services.ParkingLotSystem.&lt;init&gt;(ParkingLotSystem.java:11)
	at com.parkinglottddproblem.services.ParkingAttendant.&lt;init&gt;(ParkingAttendant.java:9)
	at com.parkinglottddproblem.services.ParkingLotSystem.&lt;init&gt;(ParkingLotSystem.java:11)
	at com.parkinglottddproblem.services.ParkingAttendant.&lt;init&gt;(ParkingAttendant.java:9)
	at com.parkinglottddproblem.services.ParkingLotSystem.&lt;init&gt;(ParkingLotSystem.java:11)
	at com.parkinglottddproblem.services.ParkingAttendant.&lt;init&gt;(ParkingAttendant.java:9)
	at com.parkinglottddproblem.services.ParkingLotSystem.&lt;init&gt;(ParkingLotSystem.java:11)
	at com.parkinglottddproblem.services.ParkingAttendant.&lt;init&gt;(ParkingAttendant.java:9)
	at com.parkinglottddproblem.services.ParkingLotSystem.&lt;init&gt;(ParkingLotSystem.java:11)
	at com.parkinglottddproblem.services.ParkingAttendant.&lt;init&gt;(ParkingAttendant.java:9)
	at com.parkinglottddproblem.services.ParkingLotSystem.&lt;init&gt;(ParkingLotSystem.java:11)
	at com.parkinglottddproblem.services.ParkingAttendant.&lt;init&gt;(ParkingAttendant.java:9)
	at com.parkinglottddproblem.services.ParkingLotSystem.&lt;init&gt;(ParkingLotSystem.java:11)
	at com.parkinglottddproblem.services.ParkingAttendant.&lt;init&gt;(ParkingAttendant.java:9)
	at com.parkinglottddproblem.services.ParkingLotSystem.&lt;init&gt;(ParkingLotSystem.java:11)
	at com.parkinglottddproblem.services.ParkingAttendant.&lt;init&gt;(ParkingAttendant.java:9)
	at com.parkinglottddproblem.services.ParkingLotSystem.&lt;init&gt;(ParkingLotSystem.java:11)
	at com.parkinglottddproblem.services.ParkingAttendant.&lt;init&gt;(ParkingAttendant.java:9)
	at com.parkinglottddproblem.services.ParkingLotSystem.&lt;init&gt;(ParkingLotSystem.java:11)
	at com.parkinglottddproblem.services.ParkingAttendant.&lt;init&gt;(ParkingAttendant.java:9)
	at com.parkinglottddproblem.services.ParkingLotSystem.&lt;init&gt;(ParkingLotSystem.java:11)
	at com.parkinglottddproblem.services.ParkingAttendant.&lt;init&gt;(ParkingAttendant.java:9)
	at com.parkinglottddproblem.services.ParkingLotSystem.&lt;init&gt;(ParkingLotSystem.java:11)
	at com.parkinglottddproblem.services.ParkingAttendant.&lt;init&gt;(ParkingAttendant.java:9)
	at com.parkinglottddproblem.services.ParkingLotSystem.&lt;init&gt;(ParkingLotSystem.java:11)
	at com.parkinglottddproblem.services.ParkingAttendant.&lt;init&gt;(ParkingAttendant.java:9)
	at com.parkinglottddproblem.services.ParkingLotSystem.&lt;init&gt;(ParkingLotSystem.java:11)
	at com.parkinglottddproblem.services.ParkingAttendant.&lt;init&gt;(ParkingAttendant.java:9)
	at com.parkinglottddproblem.services.ParkingLotSystem.&lt;init&gt;(ParkingLotSystem.java:11)
	at com.parkinglottddproblem.services.ParkingAttendant.&lt;init&gt;(ParkingAttendant.java:9)
	at com.parkinglottddproblem.services.ParkingLotSystem.&lt;init&gt;(ParkingLotSystem.java:11)
	at com.parkinglottddproblem.services.ParkingAttendant.&lt;init&gt;(ParkingAttendant.java:9)
	at com.parkinglottddproblem.services.ParkingLotSystem.&lt;init&gt;(ParkingLotSystem.java:11)
	at com.parkinglottddproblem.services.ParkingAttendant.&lt;init&gt;(ParkingAttendant.java:9)
	at com.parkinglottddproblem.services.ParkingLotSystem.&lt;init&gt;(ParkingLotSystem.java:11)
	at com.parkinglottddproblem.services.ParkingAttendant.&lt;init&gt;(ParkingAttendant.java:9)
	at com.parkinglottddproblem.services.ParkingLotSystem.&lt;init&gt;(ParkingLotSystem.java:11)
	at com.parkinglottddproblem.services.ParkingAttendant.&lt;init&gt;(ParkingAttendant.java:9)
	at com.parkinglottddproblem.services.ParkingLotSystem.&lt;init&gt;(ParkingLotSystem.java:11)
	at com.parkinglottddproblem.services.ParkingAttendant.&lt;init&gt;(ParkingAttendant.java:9)
	at com.parkinglottddproblem.services.ParkingLotSystem.&lt;init&gt;(ParkingLotSystem.java:11)
	at com.parkinglottddproblem.services.ParkingAttendant.&lt;init&gt;(ParkingAttendant.java:9)
	at com.parkinglottddproblem.services.ParkingLotSystem.&lt;init&gt;(ParkingLotSystem.java:11)
	at com.parkinglottddproblem.services.ParkingAttendant.&lt;init&gt;(ParkingAttendant.java:9)
	at com.parkinglottddproblem.services.ParkingLotSystem.&lt;init&gt;(ParkingLotSystem.java:11)
	at com.parkinglottddproblem.services.ParkingAttendant.&lt;init&gt;(ParkingAttendant.java:9)
	at com.parkinglottddproblem.services.ParkingLotSystem.&lt;init&gt;(ParkingLotSystem.java:11)
	at com.parkinglottddproblem.services.ParkingAttendant.&lt;init&gt;(ParkingAttendant.java:9)
	at com.parkinglottddproblem.services.ParkingLotSystem.&lt;init&gt;(ParkingLotSystem.java:11)
	at com.parkinglottddproblem.services.ParkingAttendant.&lt;init&gt;(ParkingAttendant.java:9)
	at com.parkinglottddproblem.services.ParkingLotSystem.&lt;init&gt;(ParkingLotSystem.java:11)
	at com.parkinglottddproblem.services.ParkingAttendant.&lt;init&gt;(ParkingAttendant.java:9)
	at com.parkinglottddproblem.services.ParkingLotSystem.&lt;init&gt;(ParkingLotSystem.java:11)
	at com.parkinglottddproblem.services.ParkingAttendant.&lt;init&gt;(ParkingAttendant.java:9)
	at com.parkinglottddproblem.services.ParkingLotSystem.&lt;init&gt;(ParkingLotSystem.java:11)
	at com.parkinglottddproblem.services.ParkingAttendant.&lt;init&gt;(ParkingAttendant.java:9)
	at com.parkinglottddproblem.services.ParkingLotSystem.&lt;init&gt;(ParkingLotSystem.java:11)
	at com.parkinglottddproblem.services.ParkingAttendant.&lt;init&gt;(ParkingAttendant.java:9)
	at com.parkinglottddproblem.services.ParkingLotSystem.&lt;init&gt;(ParkingLotSystem.java:11)
	at com.parkinglottddproblem.services.ParkingAttendant.&lt;init&gt;(ParkingAttendant.java:9)
	at com.parkinglottddproblem.services.ParkingLotSystem.&lt;init&gt;(ParkingLotSystem.java:11)
	at com.parkinglottddproblem.services.ParkingAttendant.&lt;init&gt;(ParkingAttendant.java:9)
	at com.parkinglottddproblem.services.ParkingLotSystem.&lt;init&gt;(ParkingLotSystem.java:11)
	at com.parkinglottddproblem.services.ParkingAttendant.&lt;init&gt;(ParkingAttendant.java:9)
	at com.parkinglottddproblem.services.ParkingLotSystem.&lt;init&gt;(ParkingLotSystem.java:11)
	at com.parkinglottddproblem.services.ParkingAttendant.&lt;init&gt;(ParkingAttendant.java:9)
	at com.parkinglottddproblem.services.ParkingLotSystem.&lt;init&gt;(ParkingLotSystem.java:11)
	at com.parkinglottddproblem.services.ParkingAttendant.&lt;init&gt;(ParkingAttendant.java:9)
	at com.parkinglottddproblem.services.ParkingLotSystem.&lt;init&gt;(ParkingLotSystem.java:11)
	at com.parkinglottddproblem.services.ParkingAttendant.&lt;init&gt;(ParkingAttendant.java:9)
	at com.parkinglottddproblem.services.ParkingLotSystem.&lt;init&gt;(ParkingLotSystem.java:11)
	at com.parkinglottddproblem.services.ParkingAttendant.&lt;init&gt;(ParkingAttendant.java:9)
	at com.parkinglottddproblem.services.ParkingLotSystem.&lt;init&gt;(ParkingLotSystem.java:11)
	at com.parkinglottddproblem.services.ParkingAttendant.&lt;init&gt;(ParkingAttendant.java:9)
	at com.parkinglottddproblem.services.ParkingLotSystem.&lt;init&gt;(ParkingLotSystem.java:11)
	at com.parkinglottddproblem.services.ParkingAttendant.&lt;init&gt;(ParkingAttendant.java:9)
	at com.parkinglottddproblem.services.ParkingLotSystem.&lt;init&gt;(ParkingLotSystem.java:11)
	at com.parkinglottddproblem.services.ParkingAttendant.&lt;init&gt;(ParkingAttendant.java:9)
	at com.parkinglottddproblem.services.ParkingLotSystem.&lt;init&gt;(ParkingLotSystem.java:11)
	at com.parkinglottddproblem.services.ParkingAttendant.&lt;init&gt;(ParkingAttendant.java:9)
	at com.parkinglottddproblem.services.ParkingLotSystem.&lt;init&gt;(ParkingLotSystem.java:11)
	at com.parkinglottddproblem.services.ParkingAttendant.&lt;init&gt;(ParkingAttendant.java:9)
	at com.parkinglottddproblem.services.ParkingLotSystem.&lt;init&gt;(ParkingLotSystem.java:11)
	at com.parkinglottddproblem.services.ParkingAttendant.&lt;init&gt;(ParkingAttendant.java:9)
	at com.parkinglottddproblem.services.ParkingLotSystem.&lt;init&gt;(ParkingLotSystem.java:11)
	at com.parkinglottddproblem.services.ParkingAttendant.&lt;init&gt;(ParkingAttendant.java:9)
	at com.parkinglottddproblem.services.ParkingLotSystem.&lt;init&gt;(ParkingLotSystem.java:11)
	at com.parkinglottddproblem.services.ParkingAttendant.&lt;init&gt;(ParkingAttendant.java:9)
	at com.parkinglottddproblem.services.ParkingLotSystem.&lt;init&gt;(ParkingLotSystem.java:11)
	at com.parkinglottddproblem.services.ParkingAttendant.&lt;init&gt;(ParkingAttendant.java:9)
	at com.parkinglottddproblem.services.ParkingLotSystem.&lt;init&gt;(ParkingLotSystem.java:11)
	at com.parkinglottddproblem.services.ParkingAttendant.&lt;init&gt;(ParkingAttendant.java:9)
	at com.parkinglottddproblem.services.ParkingLotSystem.&lt;init&gt;(ParkingLotSystem.java:11)
	at com.parkinglottddproblem.services.ParkingAttendant.&lt;init&gt;(ParkingAttendant.java:9)
	at com.parkinglottddproblem.services.ParkingLotSystem.&lt;init&gt;(ParkingLotSystem.java:11)
	at com.parkinglottddproblem.services.ParkingAttendant.&lt;init&gt;(ParkingAttendant.java:9)
	at com.parkinglottddproblem.services.ParkingLotSystem.&lt;init&gt;(ParkingLotSystem.java:11)
	at com.parkinglottddproblem.services.ParkingAttendant.&lt;init&gt;(ParkingAttendant.java:9)
	at com.parkinglottddproblem.services.ParkingLotSystem.&lt;init&gt;(ParkingLotSystem.java:11)
	at com.parkinglottddproblem.services.ParkingAttendant.&lt;init&gt;(ParkingAttendant.java:9)
	at com.parkinglottddproblem.services.ParkingLotSystem.&lt;init&gt;(ParkingLotSystem.java:11)
	at com.parkinglottddproblem.services.ParkingAttendant.&lt;init&gt;(ParkingAttendant.java:9)
	at com.parkinglottddproblem.services.ParkingLotSystem.&lt;init&gt;(ParkingLotSystem.java:11)
	at com.parkinglottddproblem.services.ParkingAttendant.&lt;init&gt;(ParkingAttendant.java:9)
	at com.parkinglottddproblem.services.ParkingLotSystem.&lt;init&gt;(ParkingLotSystem.java:11)
	at com.parkinglottddproblem.services.ParkingAttendant.&lt;init&gt;(ParkingAttendant.java:9)
	at com.parkinglottddproblem.services.ParkingLotSystem.&lt;init&gt;(ParkingLotSystem.java:11)
	at com.parkinglottddproblem.services.ParkingAttendant.&lt;init&gt;(ParkingAttendant.java:9)
	at com.parkinglottddproblem.services.ParkingLotSystem.&lt;init&gt;(ParkingLotSystem.java:11)
	at com.parkinglottddproblem.services.ParkingAttendant.&lt;init&gt;(ParkingAttendant.java:9)
	at com.parkinglottddproblem.services.ParkingLotSystem.&lt;init&gt;(ParkingLotSystem.java:11)
	at com.parkinglottddproblem.services.ParkingAttendant.&lt;init&gt;(ParkingAttendant.java:9)
	at com.parkinglottddproblem.services.ParkingLotSystem.&lt;init&gt;(ParkingLotSystem.java:11)
	at com.parkinglottddproblem.services.ParkingAttendant.&lt;init&gt;(ParkingAttendant.java:9)
	at com.parkinglottddproblem.services.ParkingLotSystem.&lt;init&gt;(ParkingLotSystem.java:11)
	at com.parkinglottddproblem.services.ParkingAttendant.&lt;init&gt;(ParkingAttendant.java:9)
	at com.parkinglottddproblem.services.ParkingLotSystem.&lt;init&gt;(ParkingLotSystem.java:11)
	at com.parkinglottddproblem.services.ParkingAttendant.&lt;init&gt;(ParkingAttendant.java:9)
	at com.parkinglottddproblem.services.ParkingLotSystem.&lt;init&gt;(ParkingLotSystem.java:11)
	at com.parkinglottddproblem.services.ParkingAttendant.&lt;init&gt;(ParkingAttendant.java:9)
	at com.parkinglottddproblem.services.ParkingLotSystem.&lt;init&gt;(ParkingLotSystem.java:11)
	at com.parkinglottddproblem.services.ParkingAttendant.&lt;init&gt;(ParkingAttendant.java:9)
	at com.parkinglottddproblem.services.ParkingLotSystem.&lt;init&gt;(ParkingLotSystem.java:11)
	at com.parkinglottddproblem.services.ParkingAttendant.&lt;init&gt;(ParkingAttendant.java:9)
	at com.parkinglottddproblem.services.ParkingLotSystem.&lt;init&gt;(ParkingLotSystem.java:11)
	at com.parkinglottddproblem.services.ParkingAttendant.&lt;init&gt;(ParkingAttendant.java:9)
	at com.parkinglottddproblem.services.ParkingLotSystem.&lt;init&gt;(ParkingLotSystem.java:11)
	at com.parkinglottddproblem.services.ParkingAttendant.&lt;init&gt;(ParkingAttendant.java:9)
	at com.parkinglottddproblem.services.ParkingLotSystem.&lt;init&gt;(ParkingLotSystem.java:11)
	at com.parkinglottddproblem.services.ParkingAttendant.&lt;init&gt;(ParkingAttendant.java:9)
	at com.parkinglottddproblem.services.ParkingLotSystem.&lt;init&gt;(ParkingLotSystem.java:11)
	at com.parkinglottddproblem.services.ParkingAttendant.&lt;init&gt;(ParkingAttendant.java:9)
	at com.parkinglottddproblem.services.ParkingLotSystem.&lt;init&gt;(ParkingLotSystem.java:11)
	at com.parkinglottddproblem.services.ParkingAttendant.&lt;init&gt;(ParkingAttendant.java:9)
	at com.parkinglottddproblem.services.ParkingLotSystem.&lt;init&gt;(ParkingLotSystem.java:11)
	at com.parkinglottddproblem.services.ParkingAttendant.&lt;init&gt;(ParkingAttendant.java:9)
	at com.parkinglottddproblem.services.ParkingLotSystem.&lt;init&gt;(ParkingLotSystem.java:11)
	at com.parkinglottddproblem.services.ParkingAttendant.&lt;init&gt;(ParkingAttendant.java:9)
	at com.parkinglottddproblem.services.ParkingLotSystem.&lt;init&gt;(ParkingLotSystem.java:11)
	at com.parkinglottddproblem.services.ParkingAttendant.&lt;init&gt;(ParkingAttendant.java:9)
	at com.parkinglottddproblem.services.ParkingLotSystem.&lt;init&gt;(ParkingLotSystem.java:11)
	at com.parkinglottddproblem.services.ParkingAttendant.&lt;init&gt;(ParkingAttendant.java:9)
	at com.parkinglottddproblem.services.ParkingLotSystem.&lt;init&gt;(ParkingLotSystem.java:11)
	at com.parkinglottddproblem.services.ParkingAttendant.&lt;init&gt;(ParkingAttendant.java:9)
	at com.parkinglottddproblem.services.ParkingLotSystem.&lt;init&gt;(ParkingLotSystem.java:11)
	at com.parkinglottddproblem.services.ParkingAttendant.&lt;init&gt;(ParkingAttendant.java:9)
	at com.parkinglottddproblem.services.ParkingLotSystem.&lt;init&gt;(ParkingLotSystem.java:11)
	at com.parkinglottddproblem.services.ParkingAttendant.&lt;init&gt;(ParkingAttendant.java:9)
	at com.parkinglottddproblem.services.ParkingLotSystem.&lt;init&gt;(ParkingLotSystem.java:11)
	at com.parkinglottddproblem.services.ParkingAttendant.&lt;init&gt;(ParkingAttendant.java:9)
	at com.parkinglottddproblem.services.ParkingLotSystem.&lt;init&gt;(ParkingLotSystem.java:11)
	at com.parkinglottddproblem.services.ParkingAttendant.&lt;init&gt;(ParkingAttendant.java:9)
	at com.parkinglottddproblem.services.ParkingLotSystem.&lt;init&gt;(ParkingLotSystem.java:11)
	at com.parkinglottddproblem.services.ParkingAttendant.&lt;init&gt;(ParkingAttendant.java:9)
	at com.parkinglottddproblem.services.ParkingLotSystem.&lt;init&gt;(ParkingLotSystem.java:11)
	at com.parkinglottddproblem.services.ParkingAttendant.&lt;init&gt;(ParkingAttendant.java:9)
	at com.parkinglottddproblem.services.ParkingLotSystem.&lt;init&gt;(ParkingLotSystem.java:11)
	at com.parkinglottddproblem.services.ParkingAttendant.&lt;init&gt;(ParkingAttendant.java:9)
	at com.parkinglottddproblem.services.ParkingLotSystem.&lt;init&gt;(ParkingLotSystem.java:11)
	at com.parkinglottddproblem.services.ParkingAttendant.&lt;init&gt;(ParkingAttendant.java:9)
	at com.parkinglottddproblem.services.ParkingLotSystem.&lt;init&gt;(ParkingLotSystem.java:11)
	at com.parkinglottddproblem.services.ParkingAttendant.&lt;init&gt;(ParkingAttendant.java:9)
	at com.parkinglottddproblem.services.ParkingLotSystem.&lt;init&gt;(ParkingLotSystem.java:11)
	at com.parkinglottddproblem.services.ParkingAttendant.&lt;init&gt;(ParkingAttendant.java:9)
	at com.parkinglottddproblem.services.ParkingLotSystem.&lt;init&gt;(ParkingLotSystem.java:11)
	at com.parkinglottddproblem.services.ParkingAttendant.&lt;init&gt;(ParkingAttendant.java:9)
	at com.parkinglottddproblem.services.ParkingLotSystem.&lt;init&gt;(ParkingLotSystem.java:11)
	at com.parkinglottddproblem.services.ParkingAttendant.&lt;init&gt;(ParkingAttendant.java:9)
	at com.parkinglottddproblem.services.ParkingLotSystem.&lt;init&gt;(ParkingLotSystem.java:11)
	at com.parkinglottddproblem.services.ParkingAttendant.&lt;init&gt;(ParkingAttendant.java:9)
	at com.parkinglottddproblem.services.ParkingLotSystem.&lt;init&gt;(ParkingLotSystem.java:11)
	at com.parkinglottddproblem.services.ParkingAttendant.&lt;init&gt;(ParkingAttendant.java:9)
	at com.parkinglottddproblem.services.ParkingLotSystem.&lt;init&gt;(ParkingLotSystem.java:11)
	at com.parkinglottddproblem.services.ParkingAttendant.&lt;init&gt;(ParkingAttendant.java:9)
	at com.parkinglottddproblem.services.ParkingLotSystem.&lt;init&gt;(ParkingLotSystem.java:11)
	at com.parkinglottddproblem.services.ParkingAttendant.&lt;init&gt;(ParkingAttendant.java:9)
	at com.parkinglottddproblem.services.ParkingLotSystem.&lt;init&gt;(ParkingLotSystem.java:11)
	at com.parkinglottddproblem.services.ParkingAttendant.&lt;init&gt;(ParkingAttendant.java:9)
	at com.parkinglottddproblem.services.ParkingLotSystem.&lt;init&gt;(ParkingLotSystem.java:11)
	at com.parkinglottddproblem.services.ParkingAttendant.&lt;init&gt;(ParkingAttendant.java:9)
	at com.parkinglottddproblem.services.ParkingLotSystem.&lt;init&gt;(ParkingLotSystem.java:11)
	at com.parkinglottddproblem.services.ParkingAttendant.&lt;init&gt;(ParkingAttendant.java:9)
	at com.parkinglottddproblem.services.ParkingLotSystem.&lt;init&gt;(ParkingLotSystem.java:11)
	at com.parkinglottddproblem.services.ParkingAttendant.&lt;init&gt;(ParkingAttendant.java:9)
	at com.parkinglottddproblem.services.ParkingLotSystem.&lt;init&gt;(ParkingLotSystem.java:11)
	at com.parkinglottddproblem.services.ParkingAttendant.&lt;init&gt;(ParkingAttendant.java:9)
	at com.parkinglottddproblem.services.ParkingLotSystem.&lt;init&gt;(ParkingLotSystem.java:11)
	at com.parkinglottddproblem.services.ParkingAttendant.&lt;init&gt;(ParkingAttendant.java:9)
	at com.parkinglottddproblem.services.ParkingLotSystem.&lt;init&gt;(ParkingLotSystem.java:11)
	at com.parkinglottddproblem.services.ParkingAttendant.&lt;init&gt;(ParkingAttendant.java:9)
	at com.parkinglottddproblem.services.ParkingLotSystem.&lt;init&gt;(ParkingLotSystem.java:11)
	at com.parkinglottddproblem.services.ParkingAttendant.&lt;init&gt;(ParkingAttendant.java:9)
	at com.parkinglottddproblem.services.ParkingLotSystem.&lt;init&gt;(ParkingLotSystem.java:11)
	at com.parkinglottddproblem.services.ParkingAttendant.&lt;init&gt;(ParkingAttendant.java:9)
	at com.parkinglottddproblem.services.ParkingLotSystem.&lt;init&gt;(ParkingLotSystem.java:11)
	at com.parkinglottddproblem.services.ParkingAttendant.&lt;init&gt;(ParkingAttendant.java:9)
	at com.parkinglottddproblem.services.ParkingLotSystem.&lt;init&gt;(ParkingLotSystem.java:11)
	at com.parkinglottddproblem.services.ParkingAttendant.&lt;init&gt;(ParkingAttendant.java:9)
	at com.parkinglottddproblem.services.ParkingLotSystem.&lt;init&gt;(ParkingLotSystem.java:11)
	at com.parkinglottddproblem.services.ParkingAttendant.&lt;init&gt;(ParkingAttendant.java:9)
	at com.parkinglottddproblem.services.ParkingLotSystem.&lt;init&gt;(ParkingLotSystem.java:11)
	at com.parkinglottddproblem.services.ParkingAttendant.&lt;init&gt;(ParkingAttendant.java:9)
	at com.parkinglottddproblem.services.ParkingLotSystem.&lt;init&gt;(ParkingLotSystem.java:11)
	at com.parkinglottddproblem.services.ParkingAttendant.&lt;init&gt;(ParkingAttendant.java:9)
	at com.parkinglottddproblem.services.ParkingLotSystem.&lt;init&gt;(ParkingLotSystem.java:11)
	at com.parkinglottddproblem.services.ParkingAttendant.&lt;init&gt;(ParkingAttendant.java:9)
	at com.parkinglottddproblem.services.ParkingLotSystem.&lt;init&gt;(ParkingLotSystem.java:11)
	at com.parkinglottddproblem.services.ParkingAttendant.&lt;init&gt;(ParkingAttendant.java:9)
	at com.parkinglottddproblem.services.ParkingLotSystem.&lt;init&gt;(ParkingLotSystem.java:11)
	at com.parkinglottddproblem.services.ParkingAttendant.&lt;init&gt;(ParkingAttendant.java:9)
	at com.parkinglottddproblem.services.ParkingLotSystem.&lt;init&gt;(ParkingLotSystem.java:11)
	at com.parkinglottddproblem.services.ParkingAttendant.&lt;init&gt;(ParkingAttendant.java:9)
	at com.parkinglottddproblem.services.ParkingLotSystem.&lt;init&gt;(ParkingLotSystem.java:11)
	at com.parkinglottddproblem.services.ParkingAttendant.&lt;init&gt;(ParkingAttendant.java:9)
	at com.parkinglottddproblem.services.ParkingLotSystem.&lt;init&gt;(ParkingLotSystem.java:11)
	at com.parkinglottddproblem.services.ParkingAttendant.&lt;init&gt;(ParkingAttendant.java:9)
	at com.parkinglottddproblem.services.ParkingLotSystem.&lt;init&gt;(ParkingLotSystem.java:11)
	at com.parkinglottddproblem.services.ParkingAttendant.&lt;init&gt;(ParkingAttendant.java:9)
	at com.parkinglottddproblem.services.ParkingLotSystem.&lt;init&gt;(ParkingLotSystem.java:11)
	at com.parkinglottddproblem.services.ParkingAttendant.&lt;init&gt;(ParkingAttendant.java:9)
	at com.parkinglottddproblem.services.ParkingLotSystem.&lt;init&gt;(ParkingLotSystem.java:11)
	at com.parkinglottddproblem.services.ParkingAttendant.&lt;init&gt;(ParkingAttendant.java:9)
	at com.parkinglottddproblem.services.ParkingLotSystem.&lt;init&gt;(ParkingLotSystem.java:11)
	at com.parkinglottddproblem.services.ParkingAttendant.&lt;init&gt;(ParkingAttendant.java:9)
	at com.parkinglottddproblem.services.ParkingLotSystem.&lt;init&gt;(ParkingLotSystem.java:11)
	at com.parkinglottddproblem.services.ParkingAttendant.&lt;init&gt;(ParkingAttendant.java:9)
	at com.parkinglottddproblem.services.ParkingLotSystem.&lt;init&gt;(ParkingLotSystem.java:11)
	at com.parkinglottddproblem.services.ParkingAttendant.&lt;init&gt;(ParkingAttendant.java:9)
	at com.parkinglottddproblem.services.ParkingLotSystem.&lt;init&gt;(ParkingLotSystem.java:11)
	at com.parkinglottddproblem.services.ParkingAttendant.&lt;init&gt;(ParkingAttendant.java:9)
	at com.parkinglottddproblem.services.ParkingLotSystem.&lt;init&gt;(ParkingLotSystem.java:11)
	at com.parkinglottddproblem.services.ParkingAttendant.&lt;init&gt;(ParkingAttendant.java:9)
	at com.parkinglottddproblem.services.ParkingLotSystem.&lt;init&gt;(ParkingLotSystem.java:11)
	at com.parkinglottddproblem.services.ParkingAttendant.&lt;init&gt;(ParkingAttendant.java:9)
	at com.parkinglottddproblem.services.ParkingLotSystem.&lt;init&gt;(ParkingLotSystem.java:11)
	at com.parkinglottddproblem.services.ParkingAttendant.&lt;init&gt;(ParkingAttendant.java:9)
	at com.parkinglottddproblem.services.ParkingLotSystem.&lt;init&gt;(ParkingLotSystem.java:11)
	at com.parkinglottddproblem.services.ParkingAttendant.&lt;init&gt;(ParkingAttendant.java:9)
	at com.parkinglottddproblem.services.ParkingLotSystem.&lt;init&gt;(ParkingLotSystem.java:11)
	at com.parkinglottddproblem.services.ParkingAttendant.&lt;init&gt;(ParkingAttendant.java:9)
	at com.parkinglottddproblem.services.ParkingLotSystem.&lt;init&gt;(ParkingLotSystem.java:11)
	at com.parkinglottddproblem.services.ParkingAttendant.&lt;init&gt;(ParkingAttendant.java:9)
	at com.parkinglottddproblem.services.ParkingLotSystem.&lt;init&gt;(ParkingLotSystem.java:11)
	at com.parkinglottddproblem.services.ParkingAttendant.&lt;init&gt;(ParkingAttendant.java:9)
	at com.parkinglottddproblem.services.ParkingLotSystem.&lt;init&gt;(ParkingLotSystem.java:11)
	at com.parkinglottddproblem.services.ParkingAttendant.&lt;init&gt;(ParkingAttendant.java:9)
	at com.parkinglottddproblem.services.ParkingLotSystem.&lt;init&gt;(ParkingLotSystem.java:11)
	at com.parkinglottddproblem.services.ParkingAttendant.&lt;init&gt;(ParkingAttendant.java:9)
	at com.parkinglottddproblem.services.ParkingLotSystem.&lt;init&gt;(ParkingLotSystem.java:11)
	at com.parkinglottddproblem.services.ParkingAttendant.&lt;init&gt;(ParkingAttendant.java:9)
	at com.parkinglottddproblem.services.ParkingLotSystem.&lt;init&gt;(ParkingLotSystem.java:11)
	at com.parkinglottddproblem.services.ParkingAttendant.&lt;init&gt;(ParkingAttendant.java:9)
	at com.parkinglottddproblem.services.ParkingLotSystem.&lt;init&gt;(ParkingLotSystem.java:11)
	at com.parkinglottddproblem.services.ParkingAttendant.&lt;init&gt;(ParkingAttendant.java:9)
	at com.parkinglottddproblem.services.ParkingLotSystem.&lt;init&gt;(ParkingLotSystem.java:11)
	at com.parkinglottddproblem.services.ParkingAttendant.&lt;init&gt;(ParkingAttendant.java:9)
	at com.parkinglottddproblem.services.ParkingLotSystem.&lt;init&gt;(ParkingLotSystem.java:11)
	at com.parkinglottddproblem.services.ParkingAttendant.&lt;init&gt;(ParkingAttendant.java:9)
	at com.parkinglottddproblem.services.ParkingLotSystem.&lt;init&gt;(ParkingLotSystem.java:11)
	at com.parkinglottddproblem.services.ParkingAttendant.&lt;init&gt;(ParkingAttendant.java:9)
	at com.parkinglottddproblem.services.ParkingLotSystem.&lt;init&gt;(ParkingLotSystem.java:11)
	at com.parkinglottddproblem.services.ParkingAttendant.&lt;init&gt;(ParkingAttendant.java:9)
	at com.parkinglottddproblem.services.ParkingLotSystem.&lt;init&gt;(ParkingLotSystem.java:11)
	at com.parkinglottddproblem.services.ParkingAttendant.&lt;init&gt;(ParkingAttendant.java:9)
	at com.parkinglottddproblem.services.ParkingLotSystem.&lt;init&gt;(ParkingLotSystem.java:11)
	at com.parkinglottddproblem.services.ParkingAttendant.&lt;init&gt;(ParkingAttendant.java:9)
	at com.parkinglottddproblem.services.ParkingLotSystem.&lt;init&gt;(ParkingLotSystem.java:11)
	at com.parkinglottddproblem.services.ParkingAttendant.&lt;init&gt;(ParkingAttendant.java:9)
	at com.parkinglottddproblem.services.ParkingLotSystem.&lt;init&gt;(ParkingLotSystem.java:11)
	at com.parkinglottddproblem.services.ParkingAttendant.&lt;init&gt;(ParkingAttendant.java:9)
	at com.parkinglottddproblem.services.ParkingLotSystem.&lt;init&gt;(ParkingLotSystem.java:11)
	at com.parkinglottddproblem.services.ParkingAttendant.&lt;init&gt;(ParkingAttendant.java:9)
	at com.parkinglottddproblem.services.ParkingLotSystem.&lt;init&gt;(ParkingLotSystem.java:11)
	at com.parkinglottddproblem.services.ParkingAttendant.&lt;init&gt;(ParkingAttendant.java:9)
	at com.parkinglottddproblem.services.ParkingLotSystem.&lt;init&gt;(ParkingLotSystem.java:11)
	at com.parkinglottddproblem.services.ParkingAttendant.&lt;init&gt;(ParkingAttendant.java:9)
	at com.parkinglottddproblem.services.ParkingLotSystem.&lt;init&gt;(ParkingLotSystem.java:11)
	at com.parkinglottddproblem.services.ParkingAttendant.&lt;init&gt;(ParkingAttendant.java:9)
	at com.parkinglottddproblem.services.ParkingLotSystem.&lt;init&gt;(ParkingLotSystem.java:11)
	at com.parkinglottddproblem.services.ParkingAttendant.&lt;init&gt;(ParkingAttendant.java:9)
	at com.parkinglottddproblem.services.ParkingLotSystem.&lt;init&gt;(ParkingLotSystem.java:11)
	at com.parkinglottddproblem.services.ParkingAttendant.&lt;init&gt;(ParkingAttendant.java:9)
	at com.parkinglottddproblem.services.ParkingLotSystem.&lt;init&gt;(ParkingLotSystem.java:11)
	at com.parkinglottddproblem.services.ParkingAttendant.&lt;init&gt;(ParkingAttendant.java:9)
	at com.parkinglottddproblem.services.ParkingLotSystem.&lt;init&gt;(ParkingLotSystem.java:11)
	at com.parkinglottddproblem.services.ParkingAttendant.&lt;init&gt;(ParkingAttendant.java:9)
	at com.parkinglottddproblem.services.ParkingLotSystem.&lt;init&gt;(ParkingLotSystem.java:11)
	at com.parkinglottddproblem.services.ParkingAttendant.&lt;init&gt;(ParkingAttendant.java:9)
	at com.parkinglottddproblem.services.ParkingLotSystem.&lt;init&gt;(ParkingLotSystem.java:11)
	at com.parkinglottddproblem.services.ParkingAttendant.&lt;init&gt;(ParkingAttendant.java:9)
	at com.parkinglottddproblem.services.ParkingLotSystem.&lt;init&gt;(ParkingLotSystem.java:11)
	at com.parkinglottddproblem.services.ParkingAttendant.&lt;init&gt;(ParkingAttendant.java:9)
	at com.parkinglottddproblem.services.ParkingLotSystem.&lt;init&gt;(ParkingLotSystem.java:11)
	at com.parkinglottddproblem.services.ParkingAttendant.&lt;init&gt;(ParkingAttendant.java:9)
	at com.parkinglottddproblem.services.ParkingLotSystem.&lt;init&gt;(ParkingLotSystem.java:11)
	at com.parkinglottddproblem.services.ParkingAttendant.&lt;init&gt;(ParkingAttendant.java:9)
	at com.parkinglottddproblem.services.ParkingLotSystem.&lt;init&gt;(ParkingLotSystem.java:11)
	at com.parkinglottddproblem.services.ParkingAttendant.&lt;init&gt;(ParkingAttendant.java:9)
	at com.parkinglottddproblem.services.ParkingLotSystem.&lt;init&gt;(ParkingLotSystem.java:11)
	at com.parkinglottddproblem.services.ParkingAttendant.&lt;init&gt;(ParkingAttendant.java:9)
	at com.parkinglottddproblem.services.ParkingLotSystem.&lt;init&gt;(ParkingLotSystem.java:11)
	at com.parkinglottddproblem.services.ParkingAttendant.&lt;init&gt;(ParkingAttendant.java:9)
	at com.parkinglottddproblem.services.ParkingLotSystem.&lt;init&gt;(ParkingLotSystem.java:11)
	at com.parkinglottddproblem.services.ParkingAttendant.&lt;init&gt;(ParkingAttendant.java:9)
	at com.parkinglottddproblem.services.ParkingLotSystem.&lt;init&gt;(ParkingLotSystem.java:11)
	at com.parkinglottddproblem.services.ParkingAttendant.&lt;init&gt;(ParkingAttendant.java:9)
	at com.parkinglottddproblem.services.ParkingLotSystem.&lt;init&gt;(ParkingLotSystem.java:11)
	at com.parkinglottddproblem.services.ParkingAttendant.&lt;init&gt;(ParkingAttendant.java:9)
	at com.parkinglottddproblem.services.ParkingLotSystem.&lt;init&gt;(ParkingLotSystem.java:11)
	at com.parkinglottddproblem.services.ParkingAttendant.&lt;init&gt;(ParkingAttendant.java:9)
	at com.parkinglottddproblem.services.ParkingLotSystem.&lt;init&gt;(ParkingLotSystem.java:11)
	at com.parkinglottddproblem.services.ParkingAttendant.&lt;init&gt;(ParkingAttendant.java:9)
	at com.parkinglottddproblem.services.ParkingLotSystem.&lt;init&gt;(ParkingLotSystem.java:11)
	at com.parkinglottddproblem.services.ParkingAttendant.&lt;init&gt;(ParkingAttendant.java:9)
	at com.parkinglottddproblem.services.ParkingLotSystem.&lt;init&gt;(ParkingLotSystem.java:11)
	at com.parkinglottddproblem.services.ParkingAttendant.&lt;init&gt;(ParkingAttendant.java:9)
	at com.parkinglottddproblem.services.ParkingLotSystem.&lt;init&gt;(ParkingLotSystem.java:11)
	at com.parkinglottddproblem.services.ParkingAttendant.&lt;init&gt;(ParkingAttendant.java:9)
	at com.parkinglottddproblem.services.ParkingLotSystem.&lt;init&gt;(ParkingLotSystem.java:11)
	at com.parkinglottddproblem.services.ParkingAttendant.&lt;init&gt;(ParkingAttendant.java:9)
	at com.parkinglottddproblem.services.ParkingLotSystem.&lt;init&gt;(ParkingLotSystem.java:11)
	at com.parkinglottddproblem.services.ParkingAttendant.&lt;init&gt;(ParkingAttendant.java:9)
	at com.parkinglottddproblem.services.ParkingLotSystem.&lt;init&gt;(ParkingLotSystem.java:11)
	at com.parkinglottddproblem.services.ParkingAttendant.&lt;init&gt;(ParkingAttendant.java:9)
	at com.parkinglottddproblem.services.ParkingLotSystem.&lt;init&gt;(ParkingLotSystem.java:11)
	at com.parkinglottddproblem.services.ParkingAttendant.&lt;init&gt;(ParkingAttendant.java:9)
	at com.parkinglottddproblem.services.ParkingLotSystem.&lt;init&gt;(ParkingLotSystem.java:11)
	at com.parkinglottddproblem.services.ParkingAttendant.&lt;init&gt;(ParkingAttendant.java:9)
	at com.parkinglottddproblem.services.ParkingLotSystem.&lt;init&gt;(ParkingLotSystem.java:11)
	at com.parkinglottddproblem.services.ParkingAttendant.&lt;init&gt;(ParkingAttendant.java:9)
	at com.parkinglottddproblem.services.ParkingLotSystem.&lt;init&gt;(ParkingLotSystem.java:11)
	at com.parkinglottddproblem.services.ParkingAttendant.&lt;init&gt;(ParkingAttendant.java:9)
	at com.parkinglottddproblem.services.ParkingLotSystem.&lt;init&gt;(ParkingLotSystem.java:11)
	at com.parkinglottddproblem.services.ParkingAttendant.&lt;init&gt;(ParkingAttendant.java:9)
	at com.parkinglottddproblem.services.ParkingLotSystem.&lt;init&gt;(ParkingLotSystem.java:11)
	at com.parkinglottddproblem.services.ParkingAttendant.&lt;init&gt;(ParkingAttendant.java:9)
	at com.parkinglottddproblem.services.ParkingLotSystem.&lt;init&gt;(ParkingLotSystem.java:11)
	at com.parkinglottddproblem.services.ParkingAttendant.&lt;init&gt;(ParkingAttendant.java:9)
	at com.parkinglottddproblem.services.ParkingLotSystem.&lt;init&gt;(ParkingLotSystem.java:11)
	at com.parkinglottddproblem.services.ParkingAttendant.&lt;init&gt;(ParkingAttendant.java:9)
	at com.parkinglottddproblem.services.ParkingLotSystem.&lt;init&gt;(ParkingLotSystem.java:11)
	at com.parkinglottddproblem.services.ParkingAttendant.&lt;init&gt;(ParkingAttendant.java:9)
	at com.parkinglottddproblem.services.ParkingLotSystem.&lt;init&gt;(ParkingLotSystem.java:11)
	at com.parkinglottddproblem.services.ParkingAttendant.&lt;init&gt;(ParkingAttendant.java:9)
	at com.parkinglottddproblem.services.ParkingLotSystem.&lt;init&gt;(ParkingLotSystem.java:11)
	at com.parkinglottddproblem.services.ParkingAttendant.&lt;init&gt;(ParkingAttendant.java:9)
	at com.parkinglottddproblem.services.ParkingLotSystem.&lt;init&gt;(ParkingLotSystem.java:11)
	at com.parkinglottddproblem.services.ParkingAttendant.&lt;init&gt;(ParkingAttendant.java:9)
	at com.parkinglottddproblem.services.ParkingLotSystem.&lt;init&gt;(ParkingLotSystem.java:11)
	at com.parkinglottddproblem.services.ParkingAttendant.&lt;init&gt;(ParkingAttendant.java:9)
	at com.parkinglottddproblem.services.ParkingLotSystem.&lt;init&gt;(ParkingLotSystem.java:11)
	at com.parkinglottddproblem.services.ParkingAttendant.&lt;init&gt;(ParkingAttendant.java:9)
	at com.parkinglottddproblem.services.ParkingLotSystem.&lt;init&gt;(ParkingLotSystem.java:11)
	at com.parkinglottddproblem.services.ParkingAttendant.&lt;init&gt;(ParkingAttendant.java:9)
	at com.parkinglottddproblem.services.ParkingLotSystem.&lt;init&gt;(ParkingLotSystem.java:11)
	at com.parkinglottddproblem.services.ParkingAttendant.&lt;init&gt;(ParkingAttendant.java:9)
	at com.parkinglottddproblem.services.ParkingLotSystem.&lt;init&gt;(ParkingLotSystem.java:11)
	at com.parkinglottddproblem.services.ParkingAttendant.&lt;init&gt;(ParkingAttendant.java:9)
	at com.parkinglottddproblem.services.ParkingLotSystem.&lt;init&gt;(ParkingLotSystem.java:11)
	at com.parkinglottddproblem.services.ParkingAttendant.&lt;init&gt;(ParkingAttendant.java:9)
	at com.parkinglottddproblem.services.ParkingLotSystem.&lt;init&gt;(ParkingLotSystem.java:11)
	at com.parkinglottddproblem.services.ParkingAttendant.&lt;init&gt;(ParkingAttendant.java:9)
	at com.parkinglottddproblem.services.ParkingLotSystem.&lt;init&gt;(ParkingLotSystem.java:11)
	at com.parkinglottddproblem.services.ParkingAttendant.&lt;init&gt;(ParkingAttendant.java:9)
	at com.parkinglottddproblem.services.ParkingLotSystem.&lt;init&gt;(ParkingLotSystem.java:11)
	at com.parkinglottddproblem.services.ParkingAttendant.&lt;init&gt;(ParkingAttendant.java:9)
	at com.parkinglottddproblem.services.ParkingLotSystem.&lt;init&gt;(ParkingLotSystem.java:11)
	at com.parkinglottddproblem.services.ParkingAttendant.&lt;init&gt;(ParkingAttendant.java:9)
	at com.parkinglottddproblem.services.ParkingLotSystem.&lt;init&gt;(ParkingLotSystem.java:11)
	at com.parkinglottddproblem.services.ParkingAttendant.&lt;init&gt;(ParkingAttendant.java:9)
	at com.parkinglottddproblem.services.ParkingLotSystem.&lt;init&gt;(ParkingLotSystem.java:11)
	at com.parkinglottddproblem.services.ParkingAttendant.&lt;init&gt;(ParkingAttendant.java:9)
	at com.parkinglottddproblem.services.ParkingLotSystem.&lt;init&gt;(ParkingLotSystem.java:11)
	at com.parkinglottddproblem.services.ParkingAttendant.&lt;init&gt;(ParkingAttendant.java:9)
	at com.parkinglottddproblem.services.ParkingLotSystem.&lt;init&gt;(ParkingLotSystem.java:11)
	at com.parkinglottddproblem.services.ParkingAttendant.&lt;init&gt;(ParkingAttendant.java:9)
	at com.parkinglottddproblem.services.ParkingLotSystem.&lt;init&gt;(ParkingLotSystem.java:11)
	at com.parkinglottddproblem.services.ParkingAttendant.&lt;init&gt;(ParkingAttendant.java:9)
	at com.parkinglottddproblem.services.ParkingLotSystem.&lt;init&gt;(ParkingLotSystem.java:11)
	at com.parkinglottddproblem.services.ParkingAttendant.&lt;init&gt;(ParkingAttendant.java:9)
	at com.parkinglottddproblem.services.ParkingLotSystem.&lt;init&gt;(ParkingLotSystem.java:11)
	at com.parkinglottddproblem.services.ParkingAttendant.&lt;init&gt;(ParkingAttendant.java:9)
	at com.parkinglottddproblem.services.ParkingLotSystem.&lt;init&gt;(ParkingLotSystem.java:11)
	at com.parkinglottddproblem.services.ParkingAttendant.&lt;init&gt;(ParkingAttendant.java:9)
	at com.parkinglottddproblem.services.ParkingLotSystem.&lt;init&gt;(ParkingLotSystem.java:11)
	at com.parkinglottddproblem.services.ParkingAttendant.&lt;init&gt;(ParkingAttendant.java:9)
	at com.parkinglottddproblem.services.ParkingLotSystem.&lt;init&gt;(ParkingLotSystem.java:11)
	at com.parkinglottddproblem.services.ParkingAttendant.&lt;init&gt;(ParkingAttendant.java:9)
	at com.parkinglottddproblem.services.ParkingLotSystem.&lt;init&gt;(ParkingLotSystem.java:11)
	at com.parkinglottddproblem.services.ParkingAttendant.&lt;init&gt;(ParkingAttendant.java:9)
	at com.parkinglottddproblem.services.ParkingLotSystem.&lt;init&gt;(ParkingLotSystem.java:11)
	at com.parkinglottddproblem.services.ParkingAttendant.&lt;init&gt;(ParkingAttendant.java:9)
	at com.parkinglottddproblem.services.ParkingLotSystem.&lt;init&gt;(ParkingLotSystem.java:11)
	at com.parkinglottddproblem.services.ParkingAttendant.&lt;init&gt;(ParkingAttendant.java:9)
	at com.parkinglottddproblem.services.ParkingLotSystem.&lt;init&gt;(ParkingLotSystem.java:11)
	at com.parkinglottddproblem.services.ParkingAttendant.&lt;init&gt;(ParkingAttendant.java:9)
	at com.parkinglottddproblem.services.ParkingLotSystem.&lt;init&gt;(ParkingLotSystem.java:11)
	at com.parkinglottddproblem.services.ParkingAttendant.&lt;init&gt;(ParkingAttendant.java:9)
	at com.parkinglottddproblem.services.ParkingLotSystem.&lt;init&gt;(ParkingLotSystem.java:11)
	at com.parkinglottddproblem.services.ParkingAttendant.&lt;init&gt;(ParkingAttendant.java:9)
	at com.parkinglottddproblem.services.ParkingLotSystem.&lt;init&gt;(ParkingLotSystem.java:11)
	at com.parkinglottddproblem.services.ParkingAttendant.&lt;init&gt;(ParkingAttendant.java:9)
	at com.parkinglottddproblem.services.ParkingLotSystem.&lt;init&gt;(ParkingLotSystem.java:11)
	at com.parkinglottddproblem.services.ParkingAttendant.&lt;init&gt;(ParkingAttendant.java:9)
	at com.parkinglottddproblem.services.ParkingLotSystem.&lt;init&gt;(ParkingLotSystem.java:11)
	at com.parkinglottddproblem.services.ParkingAttendant.&lt;init&gt;(ParkingAttendant.java:9)
	at com.parkinglottddproblem.services.ParkingLotSystem.&lt;init&gt;(ParkingLotSystem.java:11)
	at com.parkinglottddproblem.services.ParkingAttendant.&lt;init&gt;(ParkingAttendant.java:9)
	at com.parkinglottddproblem.services.ParkingLotSystem.&lt;init&gt;(ParkingLotSystem.java:11)
	at com.parkinglottddproblem.services.ParkingAttendant.&lt;init&gt;(ParkingAttendant.java:9)
	at com.parkinglottddproblem.services.ParkingLotSystem.&lt;init&gt;(ParkingLotSystem.java:11)
	at com.parkinglottddproblem.services.ParkingAttendant.&lt;init&gt;(ParkingAttendant.java:9)
	at com.parkinglottddproblem.services.ParkingLotSystem.&lt;init&gt;(ParkingLotSystem.java:11)
	at com.parkinglottddproblem.services.ParkingAttendant.&lt;init&gt;(ParkingAttendant.java:9)
	at com.parkinglottddproblem.services.ParkingLotSystem.&lt;init&gt;(ParkingLotSystem.java:11)
	at com.parkinglottddproblem.services.ParkingAttendant.&lt;init&gt;(ParkingAttendant.java:9)
	at com.parkinglottddproblem.services.ParkingLotSystem.&lt;init&gt;(ParkingLotSystem.java:11)
	at com.parkinglottddproblem.services.ParkingAttendant.&lt;init&gt;(ParkingAttendant.java:9)
	at com.parkinglottddproblem.services.ParkingLotSystem.&lt;init&gt;(ParkingLotSystem.java:11)
	at com.parkinglottddproblem.services.ParkingAttendant.&lt;init&gt;(ParkingAttendant.java:9)
	at com.parkinglottddproblem.services.ParkingLotSystem.&lt;init&gt;(ParkingLotSystem.java:11)
	at com.parkinglottddproblem.services.ParkingAttendant.&lt;init&gt;(ParkingAttendant.java:9)
	at com.parkinglottddproblem.services.ParkingLotSystem.&lt;init&gt;(ParkingLotSystem.java:11)
	at com.parkinglottddproblem.services.ParkingAttendant.&lt;init&gt;(ParkingAttendant.java:9)
	at com.parkinglottddproblem.services.ParkingLotSystem.&lt;init&gt;(ParkingLotSystem.java:11)
	at com.parkinglottddproblem.services.ParkingAttendant.&lt;init&gt;(ParkingAttendant.java:9)
	at com.parkinglottddproblem.services.ParkingLotSystem.&lt;init&gt;(ParkingLotSystem.java:11)
	at com.parkinglottddproblem.services.ParkingAttendant.&lt;init&gt;(ParkingAttendant.java:9)
	at com.parkinglottddproblem.services.ParkingLotSystem.&lt;init&gt;(ParkingLotSystem.java:11)
	at com.parkinglottddproblem.services.ParkingAttendant.&lt;init&gt;(ParkingAttendant.java:9)
	at com.parkinglottddproblem.services.ParkingLotSystem.&lt;init&gt;(ParkingLotSystem.java:11)
	at com.parkinglottddproblem.services.ParkingAttendant.&lt;init&gt;(ParkingAttendant.java:9)
	at com.parkinglottddproblem.services.ParkingLotSystem.&lt;init&gt;(ParkingLotSystem.java:11)
	at com.parkinglottddproblem.services.ParkingAttendant.&lt;init&gt;(ParkingAttendant.java:9)
	at com.parkinglottddproblem.services.ParkingLotSystem.&lt;init&gt;(ParkingLotSystem.java:11)
	at com.parkinglottddproblem.services.ParkingAttendant.&lt;init&gt;(ParkingAttendant.java:9)
	at com.parkinglottddproblem.services.ParkingLotSystem.&lt;init&gt;(ParkingLotSystem.java:11)
	at com.parkinglottddproblem.services.ParkingAttendant.&lt;init&gt;(ParkingAttendant.java:9)
	at com.parkinglottddproblem.services.ParkingLotSystem.&lt;init&gt;(ParkingLotSystem.java:11)
	at com.parkinglottddproblem.services.ParkingAttendant.&lt;init&gt;(ParkingAttendant.java:9)
	at com.parkinglottddproblem.services.ParkingLotSystem.&lt;init&gt;(ParkingLotSystem.java:11)
	at com.parkinglottddproblem.services.ParkingAttendant.&lt;init&gt;(ParkingAttendant.java:9)
	at com.parkinglottddproblem.services.ParkingLotSystem.&lt;init&gt;(ParkingLotSystem.java:11)
	at com.parkinglottddproblem.services.ParkingAttendant.&lt;init&gt;(ParkingAttendant.java:9)
	at com.parkinglottddproblem.services.ParkingLotSystem.&lt;init&gt;(ParkingLotSystem.java:11)
	at com.parkinglottddproblem.services.ParkingAttendant.&lt;init&gt;(ParkingAttendant.java:9)
	at com.parkinglottddproblem.services.ParkingLotSystem.&lt;init&gt;(ParkingLotSystem.java:11)
	at com.parkinglottddproblem.services.ParkingAttendant.&lt;init&gt;(ParkingAttendant.java:9)
	at com.parkinglottddproblem.services.ParkingLotSystem.&lt;init&gt;(ParkingLotSystem.java:11)
	at com.parkinglottddproblem.services.ParkingAttendant.&lt;init&gt;(ParkingAttendant.java:9)
	at com.parkinglottddproblem.services.ParkingLotSystem.&lt;init&gt;(ParkingLotSystem.java:11)
	at com.parkinglottddproblem.services.ParkingAttendant.&lt;init&gt;(ParkingAttendant.java:9)
	at com.parkinglottddproblem.services.ParkingLotSystem.&lt;init&gt;(ParkingLotSystem.java:11)
	at com.parkinglottddproblem.services.ParkingAttendant.&lt;init&gt;(ParkingAttendant.java:9)
	at com.parkinglottddproblem.services.ParkingLotSystem.&lt;init&gt;(ParkingLotSystem.java:11)
	at com.parkinglottddproblem.services.ParkingAttendant.&lt;init&gt;(ParkingAttendant.java:9)
	at com.parkinglottddproblem.services.ParkingLotSystem.&lt;init&gt;(ParkingLotSystem.java:11)
	at com.parkinglottddproblem.services.ParkingAttendant.&lt;init&gt;(ParkingAttendant.java:9)
	at com.parkinglottddproblem.services.ParkingLotSystem.&lt;init&gt;(ParkingLotSystem.java:11)
	at com.parkinglottddproblem.services.ParkingAttendant.&lt;init&gt;(ParkingAttendant.java:9)
	at com.parkinglottddproblem.services.ParkingLotSystem.&lt;init&gt;(ParkingLotSystem.java:11)
	at com.parkinglottddproblem.services.ParkingAttendant.&lt;init&gt;(ParkingAttendant.java:9)
	at com.parkinglottddproblem.services.ParkingLotSystem.&lt;init&gt;(ParkingLotSystem.java:11)
	at com.parkinglottddproblem.services.ParkingAttendant.&lt;init&gt;(ParkingAttendant.java:9)
	at com.parkinglottddproblem.services.ParkingLotSystem.&lt;init&gt;(ParkingLotSystem.java:11)
	at com.parkinglottddproblem.services.ParkingAttendant.&lt;init&gt;(ParkingAttendant.java:9)
	at com.parkinglottddproblem.services.ParkingLotSystem.&lt;init&gt;(ParkingLotSystem.java:11)
	at com.parkinglottddproblem.services.ParkingAttendant.&lt;init&gt;(ParkingAttendant.java:9)
	at com.parkinglottddproblem.services.ParkingLotSystem.&lt;init&gt;(ParkingLotSystem.java:11)
	at com.parkinglottddproblem.services.ParkingAttendant.&lt;init&gt;(ParkingAttendant.java:9)
	at com.parkinglottddproblem.services.ParkingLotSystem.&lt;init&gt;(ParkingLotSystem.java:11)
	at com.parkinglottddproblem.services.ParkingAttendant.&lt;init&gt;(ParkingAttendant.java:9)
	at com.parkinglottddproblem.services.ParkingLotSystem.&lt;init&gt;(ParkingLotSystem.java:11)
	at com.parkinglottddproblem.services.ParkingAttendant.&lt;init&gt;(ParkingAttendant.java:9)
	at com.parkinglottddproblem.services.ParkingLotSystem.&lt;init&gt;(ParkingLotSystem.java:11)
	at com.parkinglottddproblem.services.ParkingAttendant.&lt;init&gt;(ParkingAttendant.java:9)
	at com.parkinglottddproblem.services.ParkingLotSystem.&lt;init&gt;(ParkingLotSystem.java:11)
	at com.parkinglottddproblem.services.ParkingAttendant.&lt;init&gt;(ParkingAttendant.java:9)
	at com.parkinglottddproblem.services.ParkingLotSystem.&lt;init&gt;(ParkingLotSystem.java:11)
	at com.parkinglottddproblem.services.ParkingAttendant.&lt;init&gt;(ParkingAttendant.java:9)
	at com.parkinglottddproblem.services.ParkingLotSystem.&lt;init&gt;(ParkingLotSystem.java:11)
	at com.parkinglottddproblem.services.ParkingAttendant.&lt;init&gt;(ParkingAttendant.java:9)
	at com.parkinglottddproblem.services.ParkingLotSystem.&lt;init&gt;(ParkingLotSystem.java:11)
	at com.parkinglottddproblem.services.ParkingAttendant.&lt;init&gt;(ParkingAttendant.java:9)
	at com.parkinglottddproblem.services.ParkingLotSystem.&lt;init&gt;(ParkingLotSystem.java:11)
	at com.parkinglottddproblem.services.ParkingAttendant.&lt;init&gt;(ParkingAttendant.java:9)
	at com.parkinglottddproblem.services.ParkingLotSystem.&lt;init&gt;(ParkingLotSystem.java:11)
	at com.parkinglottddproblem.services.ParkingAttendant.&lt;init&gt;(ParkingAttendant.java:9)
	at com.parkinglottddproblem.services.ParkingLotSystem.&lt;init&gt;(ParkingLotSystem.java:11)
	at com.parkinglottddproblem.services.ParkingAttendant.&lt;init&gt;(ParkingAttendant.java:9)
	at com.parkinglottddproblem.services.ParkingLotSystem.&lt;init&gt;(ParkingLotSystem.java:11)
	at com.parkinglottddproblem.services.ParkingAttendant.&lt;init&gt;(ParkingAttendant.java:9)
	at com.parkinglottddproblem.services.ParkingLotSystem.&lt;init&gt;(ParkingLotSystem.java:11)
	at com.parkinglottddproblem.services.ParkingAttendant.&lt;init&gt;(ParkingAttendant.java:9)
	at com.parkinglottddproblem.services.ParkingLotSystem.&lt;init&gt;(ParkingLotSystem.java:11)
	at com.parkinglottddproblem.services.ParkingAttendant.&lt;init&gt;(ParkingAttendant.java:9)
	at com.parkinglottddproblem.services.ParkingLotSystem.&lt;init&gt;(ParkingLotSystem.java:11)
	at com.parkinglottddproblem.services.ParkingAttendant.&lt;init&gt;(ParkingAttendant.java:9)
	at com.parkinglottddproblem.services.ParkingLotSystem.&lt;init&gt;(ParkingLotSystem.java:11)
	at com.parkinglottddproblem.services.ParkingAttendant.&lt;init&gt;(ParkingAttendant.java:9)
	at com.parkinglottddproblem.services.ParkingLotSystem.&lt;init&gt;(ParkingLotSystem.java:11)
	at com.parkinglottddproblem.services.ParkingAttendant.&lt;init&gt;(ParkingAttendant.java:9)
	at com.parkinglottddproblem.services.ParkingLotSystem.&lt;init&gt;(ParkingLotSystem.java:11)
	at com.parkinglottddproblem.services.ParkingAttendant.&lt;init&gt;(ParkingAttendant.java:9)
	at com.parkinglottddproblem.services.ParkingLotSystem.&lt;init&gt;(ParkingLotSystem.java:11)
	at com.parkinglottddproblem.services.ParkingAttendant.&lt;init&gt;(ParkingAttendant.java:9)
	at com.parkinglottddproblem.services.ParkingLotSystem.&lt;init&gt;(ParkingLotSystem.java:11)
	at com.parkinglottddproblem.services.ParkingAttendant.&lt;init&gt;(ParkingAttendant.java:9)
	at com.parkinglottddproblem.services.ParkingLotSystem.&lt;init&gt;(ParkingLotSystem.java:11)
	at com.parkinglottddproblem.services.ParkingAttendant.&lt;init&gt;(ParkingAttendant.java:9)
	at com.parkinglottddproblem.services.ParkingLotSystem.&lt;init&gt;(ParkingLotSystem.java:11)
	at com.parkinglottddproblem.services.ParkingAttendant.&lt;init&gt;(ParkingAttendant.java:9)
	at com.parkinglottddproblem.services.ParkingLotSystem.&lt;init&gt;(ParkingLotSystem.java:11)
	at com.parkinglottddproblem.services.ParkingAttendant.&lt;init&gt;(ParkingAttendant.java:9)
	at com.parkinglottddproblem.services.ParkingLotSystem.&lt;init&gt;(ParkingLotSystem.java:11)
	at com.parkinglottddproblem.services.ParkingAttendant.&lt;init&gt;(ParkingAttendant.java:9)
	at com.parkinglottddproblem.services.ParkingLotSystem.&lt;init&gt;(ParkingLotSystem.java:11)
	at com.parkinglottddproblem.services.ParkingAttendant.&lt;init&gt;(ParkingAttendant.java:9)
	at com.parkinglottddproblem.services.ParkingLotSystem.&lt;init&gt;(ParkingLotSystem.java:11)
	at com.parkinglottddproblem.services.ParkingAttendant.&lt;init&gt;(ParkingAttendant.java:9)
	at com.parkinglottddproblem.services.ParkingLotSystem.&lt;init&gt;(ParkingLotSystem.java:11)
	at com.parkinglottddproblem.services.ParkingAttendant.&lt;init&gt;(ParkingAttendant.java:9)
	at com.parkinglottddproblem.services.ParkingLotSystem.&lt;init&gt;(ParkingLotSystem.java:11)
	at com.parkinglottddproblem.services.ParkingAttendant.&lt;init&gt;(ParkingAttendant.java:9)
	at com.parkinglottddproblem.services.ParkingLotSystem.&lt;init&gt;(ParkingLotSystem.java:11)
	at com.parkinglottddproblem.services.ParkingAttendant.&lt;init&gt;(ParkingAttendant.java:9)
	at com.parkinglottddproblem.services.ParkingLotSystem.&lt;init&gt;(ParkingLotSystem.java:11)
	at com.parkinglottddproblem.services.ParkingAttendant.&lt;init&gt;(ParkingAttendant.java:9)
	at com.parkinglottddproblem.services.ParkingLotSystem.&lt;init&gt;(ParkingLotSystem.java:11)
	at com.parkinglottddproblem.services.ParkingAttendant.&lt;init&gt;(ParkingAttendant.java:9)
	at com.parkinglottddproblem.services.ParkingLotSystem.&lt;init&gt;(ParkingLotSystem.java:11)
	at com.parkinglottddproblem.services.ParkingAttendant.&lt;init&gt;(ParkingAttendant.java:9)
	at com.parkinglottddproblem.services.ParkingLotSystem.&lt;init&gt;(ParkingLotSystem.java:11)
	at com.parkinglottddproblem.services.ParkingAttendant.&lt;init&gt;(ParkingAttendant.java:9)
	at com.parkinglottddproblem.services.ParkingLotSystem.&lt;init&gt;(ParkingLotSystem.java:11)
	at com.parkinglottddproblem.services.ParkingAttendant.&lt;init&gt;(ParkingAttendant.java:9)
	at com.parkinglottddproblem.services.ParkingLotSystem.&lt;init&gt;(ParkingLotSystem.java:11)
	at com.parkinglottddproblem.services.ParkingAttendant.&lt;init&gt;(ParkingAttendant.java:9)
	at com.parkinglottddproblem.services.ParkingLotSystem.&lt;init&gt;(ParkingLotSystem.java:11)
	at com.parkinglottddproblem.services.ParkingAttendant.&lt;init&gt;(ParkingAttendant.java:9)
	at com.parkinglottddproblem.services.ParkingLotSystem.&lt;init&gt;(ParkingLotSystem.java:11)
	at com.parkinglottddproblem.services.ParkingAttendant.&lt;init&gt;(ParkingAttendant.java:9)
	at com.parkinglottddproblem.services.ParkingLotSystem.&lt;init&gt;(ParkingLotSystem.java:11)
	at com.parkinglottddproblem.services.ParkingAttendant.&lt;init&gt;(ParkingAttendant.java:9)
	at com.parkinglottddproblem.services.ParkingLotSystem.&lt;init&gt;(ParkingLotSystem.java:11)
	at com.parkinglottddproblem.services.ParkingAttendant.&lt;init&gt;(ParkingAttendant.java:9)
	at com.parkinglottddproblem.services.ParkingLotSystem.&lt;init&gt;(ParkingLotSystem.java:11)
	at com.parkinglottddproblem.services.ParkingAttendant.&lt;init&gt;(ParkingAttendant.java:9)
	at com.parkinglottddproblem.services.ParkingLotSystem.&lt;init&gt;(ParkingLotSystem.java:11)
	at com.parkinglottddproblem.services.ParkingAttendant.&lt;init&gt;(ParkingAttendant.java:9)
	at com.parkinglottddproblem.services.ParkingLotSystem.&lt;init&gt;(ParkingLotSystem.java:11)
	at com.parkinglottddproblem.services.ParkingAttendant.&lt;init&gt;(ParkingAttendant.java:9)
	at com.parkinglottddproblem.services.ParkingLotSystem.&lt;init&gt;(ParkingLotSystem.java:11)
	at com.parkinglottddproblem.services.ParkingAttendant.&lt;init&gt;(ParkingAttendant.java:9)
	at com.parkinglottddproblem.services.ParkingLotSystem.&lt;init&gt;(ParkingLotSystem.java:11)
	at com.parkinglottddproblem.services.ParkingAttendant.&lt;init&gt;(ParkingAttendant.java:9)
	at com.parkinglottddproblem.services.ParkingLotSystem.&lt;init&gt;(ParkingLotSystem.java:11)
	at com.parkinglottddproblem.services.ParkingAttendant.&lt;init&gt;(ParkingAttendant.java:9)
	at com.parkinglottddproblem.services.ParkingLotSystem.&lt;init&gt;(ParkingLotSystem.java:11)
	at com.parkinglottddproblem.services.ParkingAttendant.&lt;init&gt;(ParkingAttendant.java:9)
	at com.parkinglottddproblem.services.ParkingLotSystem.&lt;init&gt;(ParkingLotSystem.java:11)
	at com.parkinglottddproblem.services.ParkingAttendant.&lt;init&gt;(ParkingAttendant.java:9)
	at com.parkinglottddproblem.services.ParkingLotSystem.&lt;init&gt;(ParkingLotSystem.java:11)
	at com.parkinglottddproblem.services.ParkingAttendant.&lt;init&gt;(ParkingAttendant.java:9)
	at com.parkinglottddproblem.services.ParkingLotSystem.&lt;init&gt;(ParkingLotSystem.java:11)
	at com.parkinglottddproblem.services.ParkingAttendant.&lt;init&gt;(ParkingAttendant.java:9)
	at com.parkinglottddproblem.services.ParkingLotSystem.&lt;init&gt;(ParkingLotSystem.java:11)
	at com.parkinglottddproblem.services.ParkingAttendant.&lt;init&gt;(ParkingAttendant.java:9)
	at com.parkinglottddproblem.services.ParkingLotSystem.&lt;init&gt;(ParkingLotSystem.java:11)
	at com.parkinglottddproblem.services.ParkingAttendant.&lt;init&gt;(ParkingAttendant.java:9)
	at com.parkinglottddproblem.services.ParkingLotSystem.&lt;init&gt;(ParkingLotSystem.java:11)
	at com.parkinglottddproblem.services.ParkingAttendant.&lt;init&gt;(ParkingAttendant.java:9)
	at com.parkinglottddproblem.services.ParkingLotSystem.&lt;init&gt;(ParkingLotSystem.java:11)
	at com.parkinglottddproblem.services.ParkingAttendant.&lt;init&gt;(ParkingAttendant.java:9)
	at com.parkinglottddproblem.services.ParkingLotSystem.&lt;init&gt;(ParkingLotSystem.java:11)
	at com.parkinglottddproblem.services.ParkingAttendant.&lt;init&gt;(ParkingAttendant.java:9)
	at com.parkinglottddproblem.services.ParkingLotSystem.&lt;init&gt;(ParkingLotSystem.java:11)
	at com.parkinglottddproblem.services.ParkingAttendant.&lt;init&gt;(ParkingAttendant.java:9)
	at com.parkinglottddproblem.services.ParkingLotSystem.&lt;init&gt;(ParkingLotSystem.java:11)
	at com.parkinglottddproblem.services.ParkingAttendant.&lt;init&gt;(ParkingAttendant.java:9)
	at com.parkinglottddproblem.services.ParkingLotSystem.&lt;init&gt;(ParkingLotSystem.java:11)
	at com.parkinglottddproblem.services.ParkingAttendant.&lt;init&gt;(ParkingAttendant.java:9)
	at com.parkinglottddproblem.services.ParkingLotSystem.&lt;init&gt;(ParkingLotSystem.java:11)
	at com.parkinglottddproblem.services.ParkingAttendant.&lt;init&gt;(ParkingAttendant.java:9)
	at com.parkinglottddproblem.services.ParkingLotSystem.&lt;init&gt;(ParkingLotSystem.java:11)
	at com.parkinglottddproblem.services.ParkingAttendant.&lt;init&gt;(ParkingAttendant.java:9)
	at com.parkinglottddproblem.services.ParkingLotSystem.&lt;init&gt;(ParkingLotSystem.java:11)
	at com.parkinglottddproblem.services.ParkingAttendant.&lt;init&gt;(ParkingAttendant.java:9)
	at com.parkinglottddproblem.services.ParkingLotSystem.&lt;init&gt;(ParkingLotSystem.java:11)
	at com.parkinglottddproblem.services.ParkingAttendant.&lt;init&gt;(ParkingAttendant.java:9)
	at com.parkinglottddproblem.services.ParkingLotSystem.&lt;init&gt;(ParkingLotSystem.java:11)
	at com.parkinglottddproblem.services.ParkingAttendant.&lt;init&gt;(ParkingAttendant.java:9)
	at com.parkinglottddproblem.services.ParkingLotSystem.&lt;init&gt;(ParkingLotSystem.java:11)
	at com.parkinglottddproblem.services.ParkingAttendant.&lt;init&gt;(ParkingAttendant.java:9)
	at com.parkinglottddproblem.services.ParkingLotSystem.&lt;init&gt;(ParkingLotSystem.java:11)
	at com.parkinglottddproblem.services.ParkingAttendant.&lt;init&gt;(ParkingAttendant.java:9)
	at com.parkinglottddproblem.services.ParkingLotSystem.&lt;init&gt;(ParkingLotSystem.java:11)
	at com.parkinglottddproblem.services.ParkingAttendant.&lt;init&gt;(ParkingAttendant.java:9)
	at com.parkinglottddproblem.services.ParkingLotSystem.&lt;init&gt;(ParkingLotSystem.java:11)
	at com.parkinglottddproblem.services.ParkingAttendant.&lt;init&gt;(ParkingAttendant.java:9)
	at com.parkinglottddproblem.services.ParkingLotSystem.&lt;init&gt;(ParkingLotSystem.java:11)
	at com.parkinglottddproblem.services.ParkingAttendant.&lt;init&gt;(ParkingAttendant.java:9)
	at com.parkinglottddproblem.services.ParkingLotSystem.&lt;init&gt;(ParkingLotSystem.java:11)
	at com.parkinglottddproblem.services.ParkingAttendant.&lt;init&gt;(ParkingAttendant.java:9)
	at com.parkinglottddproblem.services.ParkingLotSystem.&lt;init&gt;(ParkingLotSystem.java:11)
	at com.parkinglottddproblem.services.ParkingAttendant.&lt;init&gt;(ParkingAttendant.java:9)
	at com.parkinglottddproblem.services.ParkingLotSystem.&lt;init&gt;(ParkingLotSystem.java:11)
	at com.parkinglottddproblem.services.ParkingAttendant.&lt;init&gt;(ParkingAttendant.java:9)
	at com.parkinglottddproblem.services.ParkingLotSystem.&lt;init&gt;(ParkingLotSystem.java:11)
	at com.parkinglottddproblem.services.ParkingAttendant.&lt;init&gt;(ParkingAttendant.java:9)
	at com.parkinglottddproblem.services.ParkingLotSystem.&lt;init&gt;(ParkingLotSystem.java:11)
	at com.parkinglottddproblem.services.ParkingAttendant.&lt;init&gt;(ParkingAttendant.java:9)
	at com.parkinglottddproblem.services.ParkingLotSystem.&lt;init&gt;(ParkingLotSystem.java:11)
	at com.parkinglottddproblem.services.ParkingAttendant.&lt;init&gt;(ParkingAttendant.java:9)
	at com.parkinglottddproblem.services.ParkingLotSystem.&lt;init&gt;(ParkingLotSystem.java:11)
	at com.parkinglottddproblem.services.ParkingAttendant.&lt;init&gt;(ParkingAttendant.java:9)
	at com.parkinglottddproblem.services.ParkingLotSystem.&lt;init&gt;(ParkingLotSystem.java:11)
	at com.parkinglottddproblem.services.ParkingAttendant.&lt;init&gt;(ParkingAttendant.java:9)
	at com.parkinglottddproblem.services.ParkingLotSystem.&lt;init&gt;(ParkingLotSystem.java:11)
	at com.parkinglottddproblem.services.ParkingAttendant.&lt;init&gt;(ParkingAttendant.java:9)
	at com.parkinglottddproblem.services.ParkingLotSystem.&lt;init&gt;(ParkingLotSystem.java:11)
	at com.parkinglottddproblem.services.ParkingAttendant.&lt;init&gt;(ParkingAttendant.java:9)
	at com.parkinglottddproblem.services.ParkingLotSystem.&lt;init&gt;(ParkingLotSystem.java:11)
	at com.parkinglottddproblem.services.ParkingAttendant.&lt;init&gt;(ParkingAttendant.java:9)
	at com.parkinglottddproblem.services.ParkingLotSystem.&lt;init&gt;(ParkingLotSystem.java:11)
	at com.parkinglottddproblem.services.ParkingAttendant.&lt;init&gt;(ParkingAttendant.java:9)
	at com.parkinglottddproblem.services.ParkingLotSystem.&lt;init&gt;(ParkingLotSystem.java:11)
	at com.parkinglottddproblem.services.ParkingAttendant.&lt;init&gt;(ParkingAttendant.java:9)
	at com.parkinglottddproblem.services.ParkingLotSystem.&lt;init&gt;(ParkingLotSystem.java:11)
	at com.parkinglottddproblem.services.ParkingAttendant.&lt;init&gt;(ParkingAttendant.java:9)
	at com.parkinglottddproblem.services.ParkingLotSystem.&lt;init&gt;(ParkingLotSystem.java:11)
	at com.parkinglottddproblem.services.ParkingAttendant.&lt;init&gt;(ParkingAttendant.java:9)
	at com.parkinglottddproblem.services.ParkingLotSystem.&lt;init&gt;(ParkingLotSystem.java:11)
	at com.parkinglottddproblem.services.ParkingAttendant.&lt;init&gt;(ParkingAttendant.java:9)
	at com.parkinglottddproblem.services.ParkingLotSystem.&lt;init&gt;(ParkingLotSystem.java:11)
	at com.parkinglottddproblem.services.ParkingAttendant.&lt;init&gt;(ParkingAttendant.java:9)
	at com.parkinglottddproblem.services.ParkingLotSystem.&lt;init&gt;(ParkingLotSystem.java:11)
	at com.parkinglottddproblem.services.ParkingAttendant.&lt;init&gt;(ParkingAttendant.java:9)
	at com.parkinglottddproblem.services.ParkingLotSystem.&lt;init&gt;(ParkingLotSystem.java:11)
	at com.parkinglottddproblem.services.ParkingAttendant.&lt;init&gt;(ParkingAttendant.java:9)
	at com.parkinglottddproblem.services.ParkingLotSystem.&lt;init&gt;(ParkingLotSystem.java:11)
	at com.parkinglottddproblem.services.ParkingAttendant.&lt;init&gt;(ParkingAttendant.java:9)
	at com.parkinglottddproblem.services.ParkingLotSystem.&lt;init&gt;(ParkingLotSystem.java:11)
	at com.parkinglottddproblem.services.ParkingAttendant.&lt;init&gt;(ParkingAttendant.java:9)
	at com.parkinglottddproblem.services.ParkingLotSystem.&lt;init&gt;(ParkingLotSystem.java:11)
	at com.parkinglottddproblem.services.ParkingAttendant.&lt;init&gt;(ParkingAttendant.java:9)
	at com.parkinglottddproblem.services.ParkingLotSystem.&lt;init&gt;(ParkingLotSystem.java:11)
	at com.parkinglottddproblem.services.ParkingAttendant.&lt;init&gt;(ParkingAttendant.java:9)
	at com.parkinglottddproblem.services.ParkingLotSystem.&lt;init&gt;(ParkingLotSystem.java:11)
	at com.parkinglottddproblem.services.ParkingAttendant.&lt;init&gt;(ParkingAttendant.java:9)
	at com.parkinglottddproblem.services.ParkingLotSystem.&lt;init&gt;(ParkingLotSystem.java:11)
	at com.parkinglottddproblem.services.ParkingAttendant.&lt;init&gt;(ParkingAttendant.java:9)
	at com.parkinglottddproblem.services.ParkingLotSystem.&lt;init&gt;(ParkingLotSystem.java:11)
	at com.parkinglottddproblem.services.ParkingAttendant.&lt;init&gt;(ParkingAttendant.java:9)
	at com.parkinglottddproblem.services.ParkingLotSystem.&lt;init&gt;(ParkingLotSystem.java:11)
	at com.parkinglottddproblem.services.ParkingAttendant.&lt;init&gt;(ParkingAttendant.java:9)
	at com.parkinglottddproblem.services.ParkingLotSystem.&lt;init&gt;(ParkingLotSystem.java:11)
	at com.parkinglottddproblem.services.ParkingAttendant.&lt;init&gt;(ParkingAttendant.java:9)
	at com.parkinglottddproblem.services.ParkingLotSystem.&lt;init&gt;(ParkingLotSystem.java:11)
	at com.parkinglottddproblem.services.ParkingAttendant.&lt;init&gt;(ParkingAttendant.java:9)
	at com.parkinglottddproblem.services.ParkingLotSystem.&lt;init&gt;(ParkingLotSystem.java:11)
	at com.parkinglottddproblem.services.ParkingAttendant.&lt;init&gt;(ParkingAttendant.java:9)
	at com.parkinglottddproblem.services.ParkingLotSystem.&lt;init&gt;(ParkingLotSystem.java:11)
	at com.parkinglottddproblem.services.ParkingAttendant.&lt;init&gt;(ParkingAttendant.java:9)
	at com.parkinglottddproblem.services.ParkingLotSystem.&lt;init&gt;(ParkingLotSystem.java:11)
	at com.parkinglottddproblem.services.ParkingAttendant.&lt;init&gt;(ParkingAttendant.java:9)
	at com.parkinglottddproblem.services.ParkingLotSystem.&lt;init&gt;(ParkingLotSystem.java:11)
	at com.parkinglottddproblem.services.ParkingAttendant.&lt;init&gt;(ParkingAttendant.java:9)
	at com.parkinglottddproblem.services.ParkingLotSystem.&lt;init&gt;(ParkingLotSystem.java:11)
	at com.parkinglottddproblem.services.ParkingAttendant.&lt;init&gt;(ParkingAttendant.java:9)
	at com.parkinglottddproblem.services.ParkingLotSystem.&lt;init&gt;(ParkingLotSystem.java:11)
	at com.parkinglottddproblem.services.ParkingAttendant.&lt;init&gt;(ParkingAttendant.java:9)
	at com.parkinglottddproblem.services.ParkingLotSystem.&lt;init&gt;(ParkingLotSystem.java:11)
	at com.parkinglottddproblem.services.ParkingAttendant.&lt;init&gt;(ParkingAttendant.java:9)
	at com.parkinglottddproblem.services.ParkingLotSystem.&lt;init&gt;(ParkingLotSystem.java:11)
	at com.parkinglottddproblem.services.ParkingAttendant.&lt;init&gt;(ParkingAttendant.java:9)
	at com.parkinglottddproblem.services.ParkingLotSystem.&lt;init&gt;(ParkingLotSystem.java:11)
	at com.parkinglottddproblem.services.ParkingAttendant.&lt;init&gt;(ParkingAttendant.java:9)
	at com.parkinglottddproblem.services.ParkingLotSystem.&lt;init&gt;(ParkingLotSystem.java:11)
	at com.parkinglottddproblem.services.ParkingAttendant.&lt;init&gt;(ParkingAttendant.java:9)
	at com.parkinglottddproblem.services.ParkingLotSystem.&lt;init&gt;(ParkingLotSystem.java:11)
	at com.parkinglottddproblem.services.ParkingAttendant.&lt;init&gt;(ParkingAttendant.java:9)
	at com.parkinglottddproblem.services.ParkingLotSystem.&lt;init&gt;(ParkingLotSystem.java:11)
	at com.parkinglottddproblem.services.ParkingAttendant.&lt;init&gt;(ParkingAttendant.java:9)
	at com.parkinglottddproblem.services.ParkingLotSystem.&lt;init&gt;(ParkingLotSystem.java:11)
	at com.parkinglottddproblem.services.ParkingAttendant.&lt;init&gt;(ParkingAttendant.java:9)
	at com.parkinglottddproblem.services.ParkingLotSystem.&lt;init&gt;(ParkingLotSystem.java:11)
	at com.parkinglottddproblem.services.ParkingAttendant.&lt;init&gt;(ParkingAttendant.java:9)
	at com.parkinglottddproblem.services.ParkingLotSystem.&lt;init&gt;(ParkingLotSystem.java:11)
	at com.parkinglottddproblem.services.ParkingAttendant.&lt;init&gt;(ParkingAttendant.java:9)
	at com.parkinglottddproblem.services.ParkingLotSystem.&lt;init&gt;(ParkingLotSystem.java:11)
	at com.parkinglottddproblem.services.ParkingAttendant.&lt;init&gt;(ParkingAttendant.java:9)
	at com.parkinglottddproblem.services.ParkingLotSystem.&lt;init&gt;(ParkingLotSystem.java:11)
	at com.parkinglottddproblem.services.ParkingAttendant.&lt;init&gt;(ParkingAttendant.java:9)
	at com.parkinglottddproblem.services.ParkingLotSystem.&lt;init&gt;(ParkingLotSystem.java:11)
	at com.parkinglottddproblem.services.ParkingAttendant.&lt;init&gt;(ParkingAttendant.java:9)
	at com.parkinglottddproblem.services.ParkingLotSystem.&lt;init&gt;(ParkingLotSystem.java:11)
	at com.parkinglottddproblem.services.ParkingAttendant.&lt;init&gt;(ParkingAttendant.java:9)
	at com.parkinglottddproblem.services.ParkingLotSystem.&lt;init&gt;(ParkingLotSystem.java:11)
	at com.parkinglottddproblem.services.ParkingAttendant.&lt;init&gt;(ParkingAttendant.java:9)
	at com.parkinglottddproblem.services.ParkingLotSystem.&lt;init&gt;(ParkingLotSystem.java:11)
	at com.parkinglottddproblem.services.ParkingAttendant.&lt;init&gt;(ParkingAttendant.java:9)
	at com.parkinglottddproblem.services.ParkingLotSystem.&lt;init&gt;(ParkingLotSystem.java:11)
	at com.parkinglottddproblem.services.ParkingAttendant.&lt;init&gt;(ParkingAttendant.java:9)
	at com.parkinglottddproblem.services.ParkingLotSystem.&lt;init&gt;(ParkingLotSystem.java:11)
	at com.parkinglottddproblem.services.ParkingAttendant.&lt;init&gt;(ParkingAttendant.java:9)
	at com.parkinglottddproblem.services.ParkingLotSystem.&lt;init&gt;(ParkingLotSystem.java:11)
	at com.parkinglottddproblem.services.ParkingAttendant.&lt;init&gt;(ParkingAttendant.java:9)
	at com.parkinglottddproblem.services.ParkingLotSystem.&lt;init&gt;(ParkingLotSystem.java:11)
	at com.parkinglottddproblem.services.ParkingAttendant.&lt;init&gt;(ParkingAttendant.java:9)
	at com.parkinglottddproblem.services.ParkingLotSystem.&lt;init&gt;(ParkingLotSystem.java:11)
	at com.parkinglottddproblem.services.ParkingAttendant.&lt;init&gt;(ParkingAttendant.java:9)
	at com.parkinglottddproblem.services.ParkingLotSystem.&lt;init&gt;(ParkingLotSystem.java:11)
	at com.parkinglottddproblem.services.ParkingAttendant.&lt;init&gt;(ParkingAttendant.java:9)
	at com.parkinglottddproblem.services.ParkingLotSystem.&lt;init&gt;(ParkingLotSystem.java:11)
	at com.parkinglottddproblem.services.ParkingAttendant.&lt;init&gt;(ParkingAttendant.java:9)
	at com.parkinglottddproblem.services.ParkingLotSystem.&lt;init&gt;(ParkingLotSystem.java:11)
	at com.parkinglottddproblem.services.ParkingAttendant.&lt;init&gt;(ParkingAttendant.java:9)
	at com.parkinglottddproblem.services.ParkingLotSystem.&lt;init&gt;(ParkingLotSystem.java:11)
	at com.parkinglottddproblem.services.ParkingAttendant.&lt;init&gt;(ParkingAttendant.java:9)
	at com.parkinglottddproblem.services.ParkingLotSystem.&lt;init&gt;(ParkingLotSystem.java:11)
	at com.parkinglottddproblem.services.ParkingAttendant.&lt;init&gt;(ParkingAttendant.java:9)
	at com.parkinglottddproblem.services.ParkingLotSystem.&lt;init&gt;(ParkingLotSystem.java:11)
	at com.parkinglottddproblem.services.ParkingAttendant.&lt;init&gt;(ParkingAttendant.java:9)
	at com.parkinglottddproblem.services.ParkingLotSystem.&lt;init&gt;(ParkingLotSystem.java:11)
	at com.parkinglottddproblem.services.ParkingAttendant.&lt;init&gt;(ParkingAttendant.java:9)
	at com.parkinglottddproblem.services.ParkingLotSystem.&lt;init&gt;(ParkingLotSystem.java:11)
	at com.parkinglottddproblem.services.ParkingAttendant.&lt;init&gt;(ParkingAttendant.java:9)
	at com.parkinglottddproblem.services.ParkingLotSystem.&lt;init&gt;(ParkingLotSystem.java:11)
	at com.parkinglottddproblem.services.ParkingAttendant.&lt;init&gt;(ParkingAttendant.java:9)
	at com.parkinglottddproblem.services.ParkingLotSystem.&lt;init&gt;(ParkingLotSystem.java:11)
	at com.parkinglottddproblem.services.ParkingAttendant.&lt;init&gt;(ParkingAttendant.java:9)
	at com.parkinglottddproblem.services.ParkingLotSystem.&lt;init&gt;(ParkingLotSystem.java:11)
	at com.parkinglottddproblem.services.ParkingAttendant.&lt;init&gt;(ParkingAttendant.java:9)
	at com.parkinglottddproblem.services.ParkingLotSystem.&lt;init&gt;(ParkingLotSystem.java:11)
	at com.parkinglottddproblem.services.ParkingAttendant.&lt;init&gt;(ParkingAttendant.java:9)
	at com.parkinglottddproblem.services.ParkingLotSystem.&lt;init&gt;(ParkingLotSystem.java:11)
	at com.parkinglottddproblem.services.ParkingAttendant.&lt;init&gt;(ParkingAttendant.java:9)
	at com.parkinglottddproblem.services.ParkingLotSystem.&lt;init&gt;(ParkingLotSystem.java:11)
	at com.parkinglottddproblem.services.ParkingAttendant.&lt;init&gt;(ParkingAttendant.java:9)
	at com.parkinglottddproblem.services.ParkingLotSystem.&lt;init&gt;(ParkingLotSystem.java:11)
	at com.parkinglottddproblem.services.ParkingAttendant.&lt;init&gt;(ParkingAttendant.java:9)
	at com.parkinglottddproblem.services.ParkingLotSystem.&lt;init&gt;(ParkingLotSystem.java:11)
	at com.parkinglottddproblem.services.ParkingAttendant.&lt;init&gt;(ParkingAttendant.java:9)
	at com.parkinglottddproblem.services.ParkingLotSystem.&lt;init&gt;(ParkingLotSystem.java:11)
	at com.parkinglottddproblem.services.ParkingAttendant.&lt;init&gt;(ParkingAttendant.java:9)
	at com.parkinglottddproblem.services.ParkingLotSystem.&lt;init&gt;(ParkingLotSystem.java:11)
	at com.parkinglottddproblem.services.ParkingAttendant.&lt;init&gt;(ParkingAttendant.java:9)
	at com.parkinglottddproblem.services.ParkingLotSystem.&lt;init&gt;(ParkingLotSystem.java:11)
	at com.parkinglottddproblem.services.ParkingAttendant.&lt;init&gt;(ParkingAttendant.java:9)
	at com.parkinglottddproblem.services.ParkingLotSystem.&lt;init&gt;(ParkingLotSystem.java:11)
	at com.parkinglottddproblem.services.ParkingAttendant.&lt;init&gt;(ParkingAttendant.java:9)
	at com.parkinglottddproblem.services.ParkingLotSystem.&lt;init&gt;(ParkingLotSystem.java:11)
	at com.parkinglottddproblem.services.ParkingAttendant.&lt;init&gt;(ParkingAttendant.java:9)
	at com.parkinglottddproblem.services.ParkingLotSystem.&lt;init&gt;(ParkingLotSystem.java:11)
	at com.parkinglottddproblem.services.ParkingAttendant.&lt;init&gt;(ParkingAttendant.java:9)
	at com.parkinglottddproblem.services.ParkingLotSystem.&lt;init&gt;(ParkingLotSystem.java:11)
	at com.parkinglottddproblem.services.ParkingAttendant.&lt;init&gt;(ParkingAttendant.java:9)
	at com.parkinglottddproblem.services.ParkingLotSystem.&lt;init&gt;(ParkingLotSystem.java:11)
	at com.parkinglottddproblem.services.ParkingAttendant.&lt;init&gt;(ParkingAttendant.java:9)
	at com.parkinglottddproblem.services.ParkingLotSystem.&lt;init&gt;(ParkingLotSystem.java:11)
	at com.parkinglottddproblem.services.ParkingAttendant.&lt;init&gt;(ParkingAttendant.java:9)
	at com.parkinglottddproblem.services.ParkingLotSystem.&lt;init&gt;(ParkingLotSystem.java:11)
	at com.parkinglottddproblem.services.ParkingAttendant.&lt;init&gt;(ParkingAttendant.java:9)
	at com.parkinglottddproblem.services.ParkingLotSystem.&lt;init&gt;(ParkingLotSystem.java:11)
	at com.parkinglottddproblem.services.ParkingAttendant.&lt;init&gt;(ParkingAttendant.java:9)
	at com.parkinglottddproblem.services.ParkingLotSystem.&lt;init&gt;(ParkingLotSystem.java:11)
	at com.parkinglottddproblem.services.ParkingAttendant.&lt;init&gt;(ParkingAttendant.java:9)
	at com.parkinglottddproblem.services.ParkingLotSystem.&lt;init&gt;(ParkingLotSystem.java:11)
	at com.parkinglottddproblem.services.ParkingAttendant.&lt;init&gt;(ParkingAttendant.java:9)
	at com.parkinglottddproblem.services.ParkingLotSystem.&lt;init&gt;(ParkingLotSystem.java:11)
	at com.parkinglottddproblem.services.ParkingAttendant.&lt;init&gt;(ParkingAttendant.java:9)
	at com.parkinglottddproblem.services.ParkingLotSystem.&lt;init&gt;(ParkingLotSystem.java:11)
	at com.parkinglottddproblem.services.ParkingAttendant.&lt;init&gt;(ParkingAttendant.java:9)
	at com.parkinglottddproblem.services.ParkingLotSystem.&lt;init&gt;(ParkingLotSystem.java:11)
	at com.parkinglottddproblem.services.ParkingAttendant.&lt;init&gt;(ParkingAttendant.java:9)
	at com.parkinglottddproblem.services.ParkingLotSystem.&lt;init&gt;(ParkingLotSystem.java:11)
	at com.parkinglottddproblem.services.ParkingAttendant.&lt;init&gt;(ParkingAttendant.java:9)
	at com.parkinglottddproblem.services.ParkingLotSystem.&lt;init&gt;(ParkingLotSystem.java:11)
	at com.parkinglottddproblem.services.ParkingAttendant.&lt;init&gt;(ParkingAttendant.java:9)
	at com.parkinglottddproblem.services.ParkingLotSystem.&lt;init&gt;(ParkingLotSystem.java:11)
	at com.parkinglottddproblem.services.ParkingAttendant.&lt;init&gt;(ParkingAttendant.java:9)
	at com.parkinglottddproblem.services.ParkingLotSystem.&lt;init&gt;(ParkingLotSystem.java:11)
	at com.parkinglottddproblem.services.ParkingAttendant.&lt;init&gt;(ParkingAttendant.java:9)
	at com.parkinglottddproblem.services.ParkingLotSystem.&lt;init&gt;(ParkingLotSystem.java:11)
	at com.parkinglottddproblem.services.ParkingAttendant.&lt;init&gt;(ParkingAttendant.java:9)
	at com.parkinglottddproblem.services.ParkingLotSystem.&lt;init&gt;(ParkingLotSystem.java:11)
	at com.parkinglottddproblem.services.ParkingAttendant.&lt;init&gt;(ParkingAttendant.java:9)
	at com.parkinglottddproblem.services.ParkingLotSystem.&lt;init&gt;(ParkingLotSystem.java:11)
	at com.parkinglottddproblem.services.ParkingAttendant.&lt;init&gt;(ParkingAttendant.java:9)
	at com.parkinglottddproblem.services.ParkingLotSystem.&lt;init&gt;(ParkingLotSystem.java:11)
	at com.parkinglottddproblem.services.ParkingAttendant.&lt;init&gt;(ParkingAttendant.java:9)
	at com.parkinglottddproblem.services.ParkingLotSystem.&lt;init&gt;(ParkingLotSystem.java:11)
	at com.parkinglottddproblem.services.ParkingAttendant.&lt;init&gt;(ParkingAttendant.java:9)
	at com.parkinglottddproblem.services.ParkingLotSystem.&lt;init&gt;(ParkingLotSystem.java:11)
	at com.parkinglottddproblem.services.ParkingAttendant.&lt;init&gt;(ParkingAttendant.java:9)
	at com.parkinglottddproblem.services.ParkingLotSystem.&lt;init&gt;(ParkingLotSystem.java:11)
	at com.parkinglottddproblem.services.ParkingAttendant.&lt;init&gt;(ParkingAttendant.java:9)
	at com.parkinglottddproblem.services.ParkingLotSystem.&lt;init&gt;(ParkingLotSystem.java:11)
	at com.parkinglottddproblem.services.ParkingAttendant.&lt;init&gt;(ParkingAttendant.java:9)
	at com.parkinglottddproblem.services.ParkingLotSystem.&lt;init&gt;(ParkingLotSystem.java:11)
	at com.parkinglottddproblem.services.ParkingAttendant.&lt;init&gt;(ParkingAttendant.java:9)
	at com.parkinglottddproblem.services.ParkingLotSystem.&lt;init&gt;(ParkingLotSystem.java:11)
	at com.parkinglottddproblem.services.ParkingAttendant.&lt;init&gt;(ParkingAttendant.java:9)
	at com.parkinglottddproblem.services.ParkingLotSystem.&lt;init&gt;(ParkingLotSystem.java:11)
	at com.parkinglottddproblem.services.ParkingAttendant.&lt;init&gt;(ParkingAttendant.java:9)
	at com.parkinglottddproblem.services.ParkingLotSystem.&lt;init&gt;(ParkingLotSystem.java:11)
	at com.parkinglottddproblem.services.ParkingAttendant.&lt;init&gt;(ParkingAttendant.java:9)
	at com.parkinglottddproblem.services.ParkingLotSystem.&lt;init&gt;(ParkingLotSystem.java:11)
	at com.parkinglottddproblem.services.ParkingAttendant.&lt;init&gt;(ParkingAttendant.java:9)
	at com.parkinglottddproblem.services.ParkingLotSystem.&lt;init&gt;(ParkingLotSystem.java:11)
	at com.parkinglottddproblem.services.ParkingAttendant.&lt;init&gt;(ParkingAttendant.java:9)
	at com.parkinglottddproblem.services.ParkingLotSystem.&lt;init&gt;(ParkingLotSystem.java:11)
	at com.parkinglottddproblem.services.ParkingAttendant.&lt;init&gt;(ParkingAttendant.java:9)
	at com.parkinglottddproblem.services.ParkingLotSystem.&lt;init&gt;(ParkingLotSystem.java:11)
	at com.parkinglottddproblem.services.ParkingAttendant.&lt;init&gt;(ParkingAttendant.java:9)
	at com.parkinglottddproblem.services.ParkingLotSystem.&lt;init&gt;(ParkingLotSystem.java:11)
	at com.parkinglottddproblem.services.ParkingAttendant.&lt;init&gt;(ParkingAttendant.java:9)
	at com.parkinglottddproblem.services.ParkingLotSystem.&lt;init&gt;(ParkingLotSystem.java:11)
	at com.parkinglottddproblem.services.ParkingAttendant.&lt;init&gt;(ParkingAttendant.java:9)
	at com.parkinglottddproblem.services.ParkingLotSystem.&lt;init&gt;(ParkingLotSystem.java:11)
	at com.parkinglottddproblem.services.ParkingAttendant.&lt;init&gt;(ParkingAttendant.java:9)
	at com.parkinglottddproblem.services.ParkingLotSystem.&lt;init&gt;(ParkingLotSystem.java:11)
	at com.parkinglottddproblem.services.ParkingAttendant.&lt;init&gt;(ParkingAttendant.java:9)
	at com.parkinglottddproblem.services.ParkingLotSystem.&lt;init&gt;(ParkingLotSystem.java:11)
	at com.parkinglottddproblem.services.ParkingAttendant.&lt;init&gt;(ParkingAttendant.java:9)
	at com.parkinglottddproblem.services.ParkingLotSystem.&lt;init&gt;(ParkingLotSystem.java:11)
	at com.parkinglottddproblem.services.ParkingAttendant.&lt;init&gt;(ParkingAttendant.java:9)
	at com.parkinglottddproblem.services.ParkingLotSystem.&lt;init&gt;(ParkingLotSystem.java:11)
	at com.parkinglottddproblem.services.ParkingAttendant.&lt;init&gt;(ParkingAttendant.java:9)
	at com.parkinglottddproblem.services.ParkingLotSystem.&lt;init&gt;(ParkingLotSystem.java:11)
	at com.parkinglottddproblem.services.ParkingAttendant.&lt;init&gt;(ParkingAttendant.java:9)
	at com.parkinglottddproblem.services.ParkingLotSystem.&lt;init&gt;(ParkingLotSystem.java:11)
	at com.parkinglottddproblem.services.ParkingAttendant.&lt;init&gt;(ParkingAttendant.java:9)
	at com.parkinglottddproblem.services.ParkingLotSystem.&lt;init&gt;(ParkingLotSystem.java:11)
	at com.parkinglottddproblem.services.ParkingAttendant.&lt;init&gt;(ParkingAttendant.java:9)
	at com.parkinglottddproblem.services.ParkingLotSystem.&lt;init&gt;(ParkingLotSystem.java:11)
	at com.parkinglottddproblem.services.ParkingAttendant.&lt;init&gt;(ParkingAttendant.java:9)
	at com.parkinglottddproblem.services.ParkingLotSystem.&lt;init&gt;(ParkingLotSystem.java:11)
	at com.parkinglottddproblem.services.ParkingAttendant.&lt;init&gt;(ParkingAttendant.java:9)
	at com.parkinglottddproblem.services.ParkingLotSystem.&lt;init&gt;(ParkingLotSystem.java:11)
	at com.parkinglottddproblem.services.ParkingAttendant.&lt;init&gt;(ParkingAttendant.java:9)
	at com.parkinglottddproblem.services.ParkingLotSystem.&lt;init&gt;(ParkingLotSystem.java:11)
	at com.parkinglottddproblem.services.ParkingAttendant.&lt;init&gt;(ParkingAttendant.java:9)
	at com.parkinglottddproblem.services.ParkingLotSystem.&lt;init&gt;(ParkingLotSystem.java:11)
	at com.parkinglottddproblem.services.ParkingAttendant.&lt;init&gt;(ParkingAttendant.java:9)
	at com.parkinglottddproblem.services.ParkingLotSystem.&lt;init&gt;(ParkingLotSystem.java:11)
	at com.parkinglottddproblem.services.ParkingAttendant.&lt;init&gt;(ParkingAttendant.java:9)
	at com.parkinglottddproblem.services.ParkingLotSystem.&lt;init&gt;(ParkingLotSystem.java:11)
	at com.parkinglottddproblem.services.ParkingAttendant.&lt;init&gt;(ParkingAttendant.java:9)
	at com.parkinglottddproblem.services.ParkingLotSystem.&lt;init&gt;(ParkingLotSystem.java:11)
	at com.parkinglottddproblem.services.ParkingAttendant.&lt;init&gt;(ParkingAttendant.java:9)
	at com.parkinglottddproblem.services.ParkingLotSystem.&lt;init&gt;(ParkingLotSystem.java:11)
	at com.parkinglottddproblem.services.ParkingAttendant.&lt;init&gt;(ParkingAttendant.java:9)
	at com.parkinglottddproblem.services.ParkingLotSystem.&lt;init&gt;(ParkingLotSystem.java:11)
	at com.parkinglottddproblem.services.ParkingAttendant.&lt;init&gt;(ParkingAttendant.java:9)
	at com.parkinglottddproblem.services.ParkingLotSystem.&lt;init&gt;(ParkingLotSystem.java:11)
	at com.parkinglottddproblem.services.ParkingAttendant.&lt;init&gt;(ParkingAttendant.java:9)
	at com.parkinglottddproblem.services.ParkingLotSystem.&lt;init&gt;(ParkingLotSystem.java:11)
	at com.parkinglottddproblem.services.ParkingAttendant.&lt;init&gt;(ParkingAttendant.java:9)
	at com.parkinglottddproblem.services.ParkingLotSystem.&lt;init&gt;(ParkingLotSystem.java:11)
	at com.parkinglottddproblem.services.ParkingAttendant.&lt;init&gt;(ParkingAttendant.java:9)
	at com.parkinglottddproblem.services.ParkingLotSystem.&lt;init&gt;(ParkingLotSystem.java:11)
	at com.parkinglottddproblem.services.ParkingAttendant.&lt;init&gt;(ParkingAttendant.java:9)
	at com.parkinglottddproblem.services.ParkingLotSystem.&lt;init&gt;(ParkingLotSystem.java:11)
	at com.parkinglottddproblem.services.ParkingAttendant.&lt;init&gt;(ParkingAttendant.java:9)
	at com.parkinglottddproblem.services.ParkingLotSystem.&lt;init&gt;(ParkingLotSystem.java:11)
	at com.parkinglottddproblem.services.ParkingAttendant.&lt;init&gt;(ParkingAttendant.java:9)
	at com.parkinglottddproblem.services.ParkingLotSystem.&lt;init&gt;(ParkingLotSystem.java:11)
	at com.parkinglottddproblem.services.ParkingAttendant.&lt;init&gt;(ParkingAttendant.java:9)
	at com.parkinglottddproblem.services.ParkingLotSystem.&lt;init&gt;(ParkingLotSystem.java:11)
	at com.parkinglottddproblem.services.ParkingAttendant.&lt;init&gt;(ParkingAttendant.java:9)
	at com.parkinglottddproblem.services.ParkingLotSystem.&lt;init&gt;(ParkingLotSystem.java:11)
	at com.parkinglottddproblem.services.ParkingAttendant.&lt;init&gt;(ParkingAttendant.java:9)
	at com.parkinglottddproblem.services.ParkingLotSystem.&lt;init&gt;(ParkingLotSystem.java:11)
	at com.parkinglottddproblem.services.ParkingAttendant.&lt;init&gt;(ParkingAttendant.java:9)
	at com.parkinglottddproblem.services.ParkingLotSystem.&lt;init&gt;(ParkingLotSystem.java:11)
	at com.parkinglottddproblem.services.ParkingAttendant.&lt;init&gt;(ParkingAttendant.java:9)
	at com.parkinglottddproblem.services.ParkingLotSystem.&lt;init&gt;(ParkingLotSystem.java:11)
	at com.parkinglottddproblem.services.ParkingAttendant.&lt;init&gt;(ParkingAttendant.java:9)
	at com.parkinglottddproblem.services.ParkingLotSystem.&lt;init&gt;(ParkingLotSystem.java:11)
	at com.parkinglottddproblem.services.ParkingAttendant.&lt;init&gt;(ParkingAttendant.java:9)
	at com.parkinglottddproblem.services.ParkingLotSystem.&lt;init&gt;(ParkingLotSystem.java:11)
	at com.parkinglottddproblem.services.ParkingAttendant.&lt;init&gt;(ParkingAttendant.java:9)
	at com.parkinglottddproblem.services.ParkingLotSystem.&lt;init&gt;(ParkingLotSystem.java:11)
	at com.parkinglottddproblem.services.ParkingAttendant.&lt;init&gt;(ParkingAttendant.java:9)
	at com.parkinglottddproblem.services.ParkingLotSystem.&lt;init&gt;(ParkingLotSystem.java:11)
	at com.parkinglottddproblem.services.ParkingAttendant.&lt;init&gt;(ParkingAttendant.java:9)
	at com.parkinglottddproblem.services.ParkingLotSystem.&lt;init&gt;(ParkingLotSystem.java:11)
	at com.parkinglottddproblem.services.ParkingAttendant.&lt;init&gt;(ParkingAttendant.java:9)
	at com.parkinglottddproblem.services.ParkingLotSystem.&lt;init&gt;(ParkingLotSystem.java:11)
	at com.parkinglottddproblem.services.ParkingAttendant.&lt;init&gt;(ParkingAttendant.java:9)
	at com.parkinglottddproblem.services.ParkingLotSystem.&lt;init&gt;(ParkingLotSystem.java:11)
	at com.parkinglottddproblem.services.ParkingAttendant.&lt;init&gt;(ParkingAttendant.java:9)
	at com.parkinglottddproblem.services.ParkingLotSystem.&lt;init&gt;(ParkingLotSystem.java:11)
	at com.parkinglottddproblem.services.ParkingAttendant.&lt;init&gt;(ParkingAttendant.java:9)
	at com.parkinglottddproblem.services.ParkingLotSystem.&lt;init&gt;(ParkingLotSystem.java:11)
	at com.parkinglottddproblem.services.ParkingAttendant.&lt;init&gt;(ParkingAttendant.java:9)
	at com.parkinglottddproblem.services.ParkingLotSystem.&lt;init&gt;(ParkingLotSystem.java:11)
	at com.parkinglottddproblem.services.ParkingAttendant.&lt;init&gt;(ParkingAttendant.java:9)
	at com.parkinglottddproblem.services.ParkingLotSystem.&lt;init&gt;(ParkingLotSystem.java:11)
	at com.parkinglottddproblem.services.ParkingAttendant.&lt;init&gt;(ParkingAttendant.java:9)
	at com.parkinglottddproblem.services.ParkingLotSystem.&lt;init&gt;(ParkingLotSystem.java:11)
	at com.parkinglottddproblem.services.ParkingAttendant.&lt;init&gt;(ParkingAttendant.java:9)
	at com.parkinglottddproblem.services.ParkingLotSystem.&lt;init&gt;(ParkingLotSystem.java:11)
	at com.parkinglottddproblem.services.ParkingAttendant.&lt;init&gt;(ParkingAttendant.java:9)
	at com.parkinglottddproblem.services.ParkingLotSystem.&lt;init&gt;(ParkingLotSystem.java:11)
	at com.parkinglottddproblem.services.ParkingAttendant.&lt;init&gt;(ParkingAttendant.java:9)
	at com.parkinglottddproblem.services.ParkingLotSystem.&lt;init&gt;(ParkingLotSystem.java:11)
	at com.parkinglottddproblem.services.ParkingAttendant.&lt;init&gt;(ParkingAttendant.java:9)
	at com.parkinglottddproblem.services.ParkingLotSystem.&lt;init&gt;(ParkingLotSystem.java:11)
	at com.parkinglottddproblem.services.ParkingAttendant.&lt;init&gt;(ParkingAttendant.java:9)
	at com.parkinglottddproblem.services.ParkingLotSystem.&lt;init&gt;(ParkingLotSystem.java:11)
	at com.parkinglottddproblem.services.ParkingAttendant.&lt;init&gt;(ParkingAttendant.java:9)
	at com.parkinglottddproblem.services.ParkingLotSystem.&lt;init&gt;(ParkingLotSystem.java:11)
	at com.parkinglottddproblem.services.ParkingAttendant.&lt;init&gt;(ParkingAttendant.java:9)
	at com.parkinglottddproblem.services.ParkingLotSystem.&lt;init&gt;(ParkingLotSystem.java:11)
	at com.parkinglottddproblem.services.ParkingAttendant.&lt;init&gt;(ParkingAttendant.java:9)
	at com.parkinglottddproblem.services.ParkingLotSystem.&lt;init&gt;(ParkingLotSystem.java:11)
	at com.parkinglottddproblem.services.ParkingAttendant.&lt;init&gt;(ParkingAttendant.java:9)
	at com.parkinglottddproblem.services.ParkingLotSystem.&lt;init&gt;(ParkingLotSystem.java:11)
	at com.parkinglottddproblem.services.ParkingAttendant.&lt;init&gt;(ParkingAttendant.java:9)
	at com.parkinglottddproblem.services.ParkingLotSystem.&lt;init&gt;(ParkingLotSystem.java:11)
	at com.parkinglottddproblem.services.ParkingAttendant.&lt;init&gt;(ParkingAttendant.java:9)
	at com.parkinglottddproblem.services.ParkingLotSystem.&lt;init&gt;(ParkingLotSystem.java:11)
	at com.parkinglottddproblem.services.ParkingAttendant.&lt;init&gt;(ParkingAttendant.java:9)
	at com.parkinglottddproblem.services.ParkingLotSystem.&lt;init&gt;(ParkingLotSystem.java:11)
	at com.parkinglottddproblem.services.ParkingAttendant.&lt;init&gt;(ParkingAttendant.java:9)
	at com.parkinglottddproblem.services.ParkingLotSystem.&lt;init&gt;(ParkingLotSystem.java:11)
	at com.parkinglottddproblem.services.ParkingAttendant.&lt;init&gt;(ParkingAttendant.java:9)
	at com.parkinglottddproblem.services.ParkingLotSystem.&lt;init&gt;(ParkingLotSystem.java:11)
	at com.parkinglottddproblem.services.ParkingAttendant.&lt;init&gt;(ParkingAttendant.java:9)
	at com.parkinglottddproblem.services.ParkingLotSystem.&lt;init&gt;(ParkingLotSystem.java:11)
	at com.parkinglottddproblem.services.ParkingAttendant.&lt;init&gt;(ParkingAttendant.java:9)
	at com.parkinglottddproblem.services.ParkingLotSystem.&lt;init&gt;(ParkingLotSystem.java:11)
	at com.parkinglottddproblem.services.ParkingAttendant.&lt;init&gt;(ParkingAttendant.java:9)
	at com.parkinglottddproblem.services.ParkingLotSystem.&lt;init&gt;(ParkingLotSystem.java:11)
	at com.parkinglottddproblem.services.ParkingAttendant.&lt;init&gt;(ParkingAttendant.java:9)
	at com.parkinglottddproblem.services.ParkingLotSystem.&lt;init&gt;(ParkingLotSystem.java:11)
	at com.parkinglottddproblem.services.ParkingAttendant.&lt;init&gt;(ParkingAttendant.java:9)
	at com.parkinglottddproblem.services.ParkingLotSystem.&lt;init&gt;(ParkingLotSystem.java:11)
	at com.parkinglottddproblem.services.ParkingAttendant.&lt;init&gt;(ParkingAttendant.java:9)
	at com.parkinglottddproblem.services.ParkingLotSystem.&lt;init&gt;(ParkingLotSystem.java:11)
	at com.parkinglottddproblem.services.ParkingAttendant.&lt;init&gt;(ParkingAttendant.java:9)
	at com.parkinglottddproblem.services.ParkingLotSystem.&lt;init&gt;(ParkingLotSystem.java:11)
	at com.parkinglottddproblem.services.ParkingAttendant.&lt;init&gt;(ParkingAttendant.java:9)
	at com.parkinglottddproblem.services.ParkingLotSystem.&lt;init&gt;(ParkingLotSystem.java:11)
	at com.parkinglottddproblem.services.ParkingAttendant.&lt;init&gt;(ParkingAttendant.java:9)
	at com.parkinglottddproblem.services.ParkingLotSystem.&lt;init&gt;(ParkingLotSystem.java:11)
	at com.parkinglottddproblem.services.ParkingAttendant.&lt;init&gt;(ParkingAttendant.java:9)
	at com.parkinglottddproblem.services.ParkingLotSystem.&lt;init&gt;(ParkingLotSystem.java:11)
	at com.parkinglottddproblem.services.ParkingAttendant.&lt;init&gt;(ParkingAttendant.java:9)
	at com.parkinglottddproblem.services.ParkingLotSystem.&lt;init&gt;(ParkingLotSystem.java:11)
	at com.parkinglottddproblem.services.ParkingAttendant.&lt;init&gt;(ParkingAttendant.java:9)
	at com.parkinglottddproblem.services.ParkingLotSystem.&lt;init&gt;(ParkingLotSystem.java:11)
	at com.parkinglottddproblem.services.ParkingAttendant.&lt;init&gt;(ParkingAttendant.java:9)
	at com.parkinglottddproblem.services.ParkingLotSystem.&lt;init&gt;(ParkingLotSystem.java:11)
	at com.parkinglottddproblem.services.ParkingAttendant.&lt;init&gt;(ParkingAttendant.java:9)
	at com.parkinglottddproblem.services.ParkingLotSystem.&lt;init&gt;(ParkingLotSystem.java:11)
	at com.parkinglottddproblem.services.ParkingAttendant.&lt;init&gt;(ParkingAttendant.java:9)
	at com.parkinglottddproblem.services.ParkingLotSystem.&lt;init&gt;(ParkingLotSystem.java:11)
	at com.parkinglottddproblem.services.ParkingAttendant.&lt;init&gt;(ParkingAttendant.java:9)
	at com.parkinglottddproblem.services.ParkingLotSystem.&lt;init&gt;(ParkingLotSystem.java:11)
	at com.parkinglottddproblem.services.ParkingAttendant.&lt;init&gt;(ParkingAttendant.java:9)
	at com.parkinglottddproblem.services.ParkingLotSystem.&lt;init&gt;(ParkingLotSystem.java:11)
	at com.parkinglottddproblem.services.ParkingAttendant.&lt;init&gt;(ParkingAttendant.java:9)
	at com.parkinglottddproblem.services.ParkingLotSystem.&lt;init&gt;(ParkingLotSystem.java:11)
	at com.parkinglottddproblem.services.ParkingAttendant.&lt;init&gt;(ParkingAttendant.java:9)
	at com.parkinglottddproblem.services.ParkingLotSystem.&lt;init&gt;(ParkingLotSystem.java:11)
	at com.parkinglottddproblem.services.ParkingAttendant.&lt;init&gt;(ParkingAttendant.java:9)
	at com.parkinglottddproblem.services.ParkingLotSystem.&lt;init&gt;(ParkingLotSystem.java:11)
	at com.parkinglottddproblem.services.ParkingAttendant.&lt;init&gt;(ParkingAttendant.java:9)
	at com.parkinglottddproblem.services.ParkingLotSystem.&lt;init&gt;(ParkingLotSystem.java:11)
	at com.parkinglottddproblem.services.ParkingAttendant.&lt;init&gt;(ParkingAttendant.java:9)
	at com.parkinglottddproblem.services.ParkingLotSystem.&lt;init&gt;(ParkingLotSystem.java:11)
	at com.parkinglottddproblem.services.ParkingAttendant.&lt;init&gt;(ParkingAttendant.java:9)
	at com.parkinglottddproblem.services.ParkingLotSystem.&lt;init&gt;(ParkingLotSystem.java:11)
	at com.parkinglottddproblem.services.ParkingAttendant.&lt;init&gt;(ParkingAttendant.java:9)
	at com.parkinglottddproblem.services.ParkingLotSystem.&lt;init&gt;(ParkingLotSystem.java:11)
	at com.parkinglottddproblem.services.ParkingAttendant.&lt;init&gt;(ParkingAttendant.java:9)
	at com.parkinglottddproblem.services.ParkingLotSystem.&lt;init&gt;(ParkingLotSystem.java:11)
	at com.parkinglottddproblem.services.ParkingAttendant.&lt;init&gt;(ParkingAttendant.java:9)
	at com.parkinglottddproblem.services.ParkingLotSystem.&lt;init&gt;(ParkingLotSystem.java:11)
	at com.parkinglottddproblem.services.ParkingAttendant.&lt;init&gt;(ParkingAttendant.java:9)
	at com.parkinglottddproblem.services.ParkingLotSystem.&lt;init&gt;(ParkingLotSystem.java:11)
	at com.parkinglottddproblem.services.ParkingAttendant.&lt;init&gt;(ParkingAttendant.java:9)
	at com.parkinglottddproblem.services.ParkingLotSystem.&lt;init&gt;(ParkingLotSystem.java:11)
	at com.parkinglottddproblem.services.ParkingAttendant.&lt;init&gt;(ParkingAttendant.java:9)
</failure>
  </testcase>
  <system-out><![CDATA[]]></system-out>
  <system-err><![CDATA[]]></system-err>
</testsuite>
