<?xml version="1.0" encoding="UTF-8"?>
<testsuite name="parkinglottddproblem.ParkingLotTest" tests="9" skipped="0" failures="0" errors="0" timestamp="2020-07-21T20:10:12" hostname="KAJAL-LAPTOP" time="0.032">
  <properties/>
  <testcase name="givenVehicle_WhenUnParked_ShouldReturnTrue" classname="parkinglottddproblem.ParkingLotTest" time="0.004"/>
  <testcase name="givenVehicle_WhenParked_ShouldReturnTrue" classname="parkinglottddproblem.ParkingLotTest" time="0.001"/>
  <testcase name="givenVehicleParked_WhenAlreadyParked_ShouldThrowException" classname="parkinglottddproblem.ParkingLotTest" time="0.004"/>
  <testcase name="givenWhenLotIsFull_ShouldInformOwner" classname="parkinglottddproblem.ParkingLotTest" time="0.002"/>
  <testcase name="givenAnotherVehicle_WhenUnParked_ShouldReturnFalse" classname="parkinglottddproblem.ParkingLotTest" time="0.001"/>
  <testcase name="demo" classname="parkinglottddproblem.ParkingLotTest" time="0.0"/>
  <testcase name="givenVehicleParked_WhenLotFull_ShouldThrowException" classname="parkinglottddproblem.ParkingLotTest" time="0.001"/>
  <testcase name="givenParkingLot_WhenFull_ShouldRedirectSecurityStaff" classname="parkinglottddproblem.ParkingLotTest" time="0.006"/>
  <testcase name="givenWhenLotIsEmpty_ShouldInformOwner" classname="parkinglottddproblem.ParkingLotTest" time="0.001"/>
  <system-out><![CDATA[Vehicle already parked
Parking Lot Is Full
]]></system-out>
  <system-err><![CDATA[]]></system-err>
</testsuite>
