<?xml version="1.0" encoding="UTF-8"?>
<testsuite name="parkinglottddproblem.ParkingLotTest" tests="1" skipped="0" failures="0" errors="0" timestamp="2020-07-26T17:00:03" hostname="KAJAL-LAPTOP" time="0.023">
  <properties/>
  <testcase name="givenVehicleToPark_WhenDriverIsHandicap_AndCarIsMedium_ShouldReturnExpectedSlotNumbers" classname="parkinglottddproblem.ParkingLotTest" time="0.023"/>
  <system-out><![CDATA[]]></system-out>
  <system-err><![CDATA[]]></system-err>
</testsuite>
